#
# A fatal error has been detected by the Java Runtime Environment:
#
#  SIGSEGV (0xb) at pc=0x00007f13aa6291e9, pid=3072, tid=0x00007f136a32a700
#
# JRE version: OpenJDK Runtime Environment (8.0_171-b11) (build 1.8.0_171-8u171-b11-0ubuntu0.17.10.1-b11)
# Java VM: OpenJDK 64-Bit Server VM (25.171-b11 mixed mode linux-amd64 compressed oops)
# Problematic frame:
# C  [libawt_xawt.so+0x411e9]
#
# Failed to write core dump. Core dumps have been disabled. To enable core dumping, try "ulimit -c unlimited" before starting Java again
#
# If you would like to submit a bug report, please visit:
#   http://bugreport.java.com/bugreport/crash.jsp
# The crash happened outside the Java Virtual Machine in native code.
# See problematic frame for where to report the bug.
#

---------------  T H R E A D  ---------------

Current thread (0x00007f13c02bd800):  JavaThread "AWT-EventQueue-1" [_thread_in_native, id=3097, stack(0x00007f136a22a000,0x00007f136a32b000)]

siginfo: si_signo: 11 (SIGSEGV), si_code: 1 (SEGV_MAPERR), si_addr: 0x0000000000000068

Registers:
RAX=0x000000000000009e, RBX=0x0000000000000000, RCX=0x000000000000009e, RDX=0x0000000000000000
RSP=0x00007f136a326fd0, RBP=0x00007f136a3270c0, RSI=0x0000000000000000, RDI=0x0000000000000000
R8 =0x00007f136a32707c, R9 =0x0000000000000002, R10=0x00007f135c12c720, R11=0x00007f135c12bf20
R12=0x0000000000000000, R13=0x0000000000000000, R14=0x00007f135c12e260, R15=0x00007f135c12dff0
RIP=0x00007f13aa6291e9, EFLAGS=0x0000000000010246, CSGSFS=0x002b000000000033, ERR=0x0000000000000004
  TRAPNO=0x000000000000000e

Top of Stack: (sp=0x00007f136a326fd0)
0x00007f136a326fd0:   00007f135c12de50 002c009e016802d5
0x00007f136a326fe0:   00007f135c12dfd0 00000373aa62895f
0x00007f136a326ff0:   00000002000002d5 00007f136a32707c
0x00007f136a327000:   00007f136a327078 00007f136a327074
0x00007f136a327010:   00007f136a327080 0000016800000194
0x00007f136a327020:   00007f130000009d 00007f13c01b97c0
0x00007f136a327030:   000000000000002c 00007f135c12d390
0x00007f136a327040:   0000000000000000 00000000016802d5
0x00007f136a327050:   0000000000000000 000000000000009e
0x00007f136a327060:   0000000000000000 000000000000009e
0x00007f136a327070:   0000001000000000 0000000000000008
0x00007f136a327080:   00007f135c12af10 fb09eb6a6f718a00
0x00007f136a327090:   0000000000000260 000000000000009e
0x00007f136a3270a0:   0000000000000168 0000009e016802d5
0x00007f136a3270b0:   00007f136a327160 002c009e016802d5
0x00007f136a3270c0:   00007f136a3271d0 00007f13aa62985f
0x00007f136a3270d0:   00007f135c12dfd0 00007f13aa629819
0x00007f136a3270e0:   0000000000000000 00007f135c12d6d0
0x00007f136a3270f0:   00007f135c133280 fb09eb6a6f718a00
0x00007f136a327100:   00007f136a327278 0000000000000000
0x00007f136a327110:   00007f13c01b97c0 00007f136a327290
0x00007f136a327120:   0000000000000000 00007f135c12dfd0
0x00007f136a327130:   00007f130000002c 00007f13aa6296aa
0x00007f136a327140:   00007f136a32727c 468b45f84e8b41d0
0x00007f136a327150:   00007f135c12f300 00007f136a3202d5
0x00007f136a327160:   0000000000000000 00007f136a32726c
0x00007f136a327170:   00007f1300000005 0000000000ff0000
0x00007f136a327180:   000000000000ff00 00000000000000ff
0x00007f136a327190:   0000010000000008 fb09eb6a6f718a00
0x00007f136a3271a0:   0000000000000000 00007f13c02bd9e0
0x00007f136a3271b0:   00000000000002d5 00007f13c01b97c0
0x00007f136a3271c0:   0000000000000168 0000000000000260 

Instructions: (pc=0x00007f13aa6291e9)
0x00007f13aa6291c9:   45 8c 03 45 90 89 45 a0 49 8d 44 24 01 45 31 e4
0x00007f13aa6291d9:   48 89 45 98 0f 1f 00 44 89 e6 8b 55 ac 48 89 df
0x00007f13aa6291e9:   ff 53 68 4d 8b 57 08 8b 4d b4 48 98 48 8b 75 c0
0x00007f13aa6291f9:   49 8b 52 18 49 8b 7a 20 48 21 c2 48 21 c7 49 23 

Register to memory mapping:

RAX=0x000000000000009e is an unknown value
RBX=0x0000000000000000 is an unknown value
RCX=0x000000000000009e is an unknown value
RDX=0x0000000000000000 is an unknown value
RSP=0x00007f136a326fd0 is pointing into the stack for thread: 0x00007f13c02bd800
RBP=0x00007f136a3270c0 is pointing into the stack for thread: 0x00007f13c02bd800
RSI=0x0000000000000000 is an unknown value
RDI=0x0000000000000000 is an unknown value
R8 =0x00007f136a32707c is pointing into the stack for thread: 0x00007f13c02bd800
R9 =0x0000000000000002 is an unknown value
R10=0x00007f135c12c720 is an unknown value
R11=0x00007f135c12bf20 is an unknown value
R12=0x0000000000000000 is an unknown value
R13=0x0000000000000000 is an unknown value
R14=0x00007f135c12e260 is an unknown value
R15=0x00007f135c12dff0 is an unknown value


Stack: [0x00007f136a22a000,0x00007f136a32b000],  sp=0x00007f136a326fd0,  free space=1011k
Native frames: (J=compiled Java code, j=interpreted, Vv=VM code, C=native code)
C  [libawt_xawt.so+0x411e9]
C  [libawt_xawt.so+0x4185f]
C  [libawt_xawt.so+0x38f79]  Java_sun_awt_X11_XRobotPeer_getRGBPixelsImpl+0x149
j  sun.awt.X11.XRobotPeer.getRGBPixelsImpl(Lsun/awt/X11GraphicsConfig;IIII[I)V+0
j  sun.awt.X11.XRobotPeer.getRGBPixels(Ljava/awt/Rectangle;)[I+33
j  java.awt.Robot.createScreenCapture(Ljava/awt/Rectangle;)Ljava/awt/image/BufferedImage;+50
j  com.jtattoo.plaf.BasePopupMenuUI.getPopup(Ljavax/swing/JPopupMenu;II)Ljavax/swing/Popup;+66
j  javax.swing.JPopupMenu.showPopup()V+79
j  javax.swing.JPopupMenu.setVisible(Z)V+91
j  javax.swing.JPopupMenu.show(Ljava/awt/Component;II)V+152
j  javax.swing.JMenu.setPopupMenuVisible(Z)V+64
j  javax.swing.JPopupMenu.menuSelectionChanged(Z)V+24
j  javax.swing.MenuSelectionManager.setSelectedPath([Ljavax/swing/MenuElement;)V+137
j  javax.swing.plaf.basic.BasicMenuUI.appendPath([Ljavax/swing/MenuElement;Ljavax/swing/MenuElement;)V+26
j  javax.swing.plaf.basic.BasicMenuUI.access$200([Ljavax/swing/MenuElement;Ljavax/swing/MenuElement;)V+2
j  javax.swing.plaf.basic.BasicMenuUI$Handler.mousePressed(Ljava/awt/event/MouseEvent;)V+146
j  javax.swing.plaf.basic.BasicMenuUI$MouseInputHandler.mousePressed(Ljava/awt/event/MouseEvent;)V+8
j  java.awt.Component.processMouseEvent(Ljava/awt/event/MouseEvent;)V+54
j  javax.swing.JComponent.processMouseEvent(Ljava/awt/event/MouseEvent;)V+23
j  java.awt.Component.processEvent(Ljava/awt/AWTEvent;)V+81
J 1112 C1 java.awt.Container.processEvent(Ljava/awt/AWTEvent;)V (22 bytes) @ 0x00007f13b13c88c4 [0x00007f13b13c85a0+0x324]
J 1370 C1 java.awt.Component.dispatchEventImpl(Ljava/awt/AWTEvent;)V (883 bytes) @ 0x00007f13b1475964 [0x00007f13b14704e0+0x5484]
J 657 C1 java.awt.Container.dispatchEventImpl(Ljava/awt/AWTEvent;)V (129 bytes) @ 0x00007f13b1267e64 [0x00007f13b1267d20+0x144]
J 656 C1 java.awt.Component.dispatchEvent(Ljava/awt/AWTEvent;)V (6 bytes) @ 0x00007f13b1268e04 [0x00007f13b1268d00+0x104]
j  java.awt.LightweightDispatcher.retargetMouseEvent(Ljava/awt/Component;ILjava/awt/event/MouseEvent;)V+327
j  java.awt.LightweightDispatcher.processMouseEvent(Ljava/awt/event/MouseEvent;)Z+144
J 820 C1 java.awt.LightweightDispatcher.dispatchEvent(Ljava/awt/AWTEvent;)Z (73 bytes) @ 0x00007f13b1320b74 [0x00007f13b1320740+0x434]
J 657 C1 java.awt.Container.dispatchEventImpl(Ljava/awt/AWTEvent;)V (129 bytes) @ 0x00007f13b1267e04 [0x00007f13b1267d20+0xe4]
J 819 C1 java.awt.Window.dispatchEventImpl(Ljava/awt/AWTEvent;)V (23 bytes) @ 0x00007f13b1320244 [0x00007f13b131fc60+0x5e4]
J 1629 C1 java.awt.EventQueue.dispatchEventImpl(Ljava/awt/AWTEvent;Ljava/lang/Object;)V (149 bytes) @ 0x00007f13b1532af4 [0x00007f13b15312c0+0x1834]
J 793 C1 java.awt.EventQueue$3.run()Ljava/lang/Void; (60 bytes) @ 0x00007f13b130bac4 [0x00007f13b130b8c0+0x204]
J 792 C1 java.awt.EventQueue$3.run()Ljava/lang/Object; (5 bytes) @ 0x00007f13b130b54c [0x00007f13b130b4c0+0x8c]
v  ~StubRoutines::call_stub
V  [libjvm.so+0x67d99b]
V  [libjvm.so+0x6d0bc4]  JVM_DoPrivileged+0x504
J 548  java.security.AccessController.doPrivileged(Ljava/security/PrivilegedAction;Ljava/security/AccessControlContext;)Ljava/lang/Object; (0 bytes) @ 0x00007f13b122ad15 [0x00007f13b122ac40+0xd5]
J 761 C1 java.awt.EventQueue$4.run()Ljava/lang/Object; (5 bytes) @ 0x00007f13b12f24e4 [0x00007f13b12f20c0+0x424]
v  ~StubRoutines::call_stub
V  [libjvm.so+0x67d99b]
V  [libjvm.so+0x6d0bc4]  JVM_DoPrivileged+0x504
J 548  java.security.AccessController.doPrivileged(Ljava/security/PrivilegedAction;Ljava/security/AccessControlContext;)Ljava/lang/Object; (0 bytes) @ 0x00007f13b122ad15 [0x00007f13b122ac40+0xd5]
J 697 C1 java.awt.EventQueue.dispatchEvent(Ljava/awt/AWTEvent;)V (80 bytes) @ 0x00007f13b129fe74 [0x00007f13b129f000+0xe74]
J 696 C1 org.GNOME.Accessibility.AtkWrapper$5.dispatchEvent(Ljava/awt/AWTEvent;)V (104 bytes) @ 0x00007f13b129e96c [0x00007f13b129e1c0+0x7ac]
J 952 C1 java.awt.EventDispatchThread.pumpOneEventForFilters(I)V (190 bytes) @ 0x00007f13b1369b4c [0x00007f13b1368900+0x124c]
j  java.awt.EventDispatchThread.pumpEventsForFilter(ILjava/awt/Conditional;Ljava/awt/EventFilter;)V+35
j  java.awt.EventDispatchThread.pumpEventsForHierarchy(ILjava/awt/Conditional;Ljava/awt/Component;)V+11
j  java.awt.EventDispatchThread.pumpEvents(ILjava/awt/Conditional;)V+4
j  java.awt.EventDispatchThread.pumpEvents(Ljava/awt/Conditional;)V+3
j  java.awt.EventDispatchThread.run()V+9
v  ~StubRoutines::call_stub
V  [libjvm.so+0x67d99b]
V  [libjvm.so+0x67b05b]
V  [libjvm.so+0x67b647]
V  [libjvm.so+0x6c143b]
V  [libjvm.so+0xa48c23]
V  [libjvm.so+0xa49052]
V  [libjvm.so+0x8e3b92]
C  [libpthread.so.0+0x77fc]  start_thread+0xdc

Java frames: (J=compiled Java code, j=interpreted, Vv=VM code)
j  sun.awt.X11.XRobotPeer.getRGBPixelsImpl(Lsun/awt/X11GraphicsConfig;IIII[I)V+0
j  sun.awt.X11.XRobotPeer.getRGBPixels(Ljava/awt/Rectangle;)[I+33
j  java.awt.Robot.createScreenCapture(Ljava/awt/Rectangle;)Ljava/awt/image/BufferedImage;+50
j  com.jtattoo.plaf.BasePopupMenuUI.getPopup(Ljavax/swing/JPopupMenu;II)Ljavax/swing/Popup;+66
j  javax.swing.JPopupMenu.showPopup()V+79
j  javax.swing.JPopupMenu.setVisible(Z)V+91
j  javax.swing.JPopupMenu.show(Ljava/awt/Component;II)V+152
j  javax.swing.JMenu.setPopupMenuVisible(Z)V+64
j  javax.swing.JPopupMenu.menuSelectionChanged(Z)V+24
j  javax.swing.MenuSelectionManager.setSelectedPath([Ljavax/swing/MenuElement;)V+137
j  javax.swing.plaf.basic.BasicMenuUI.appendPath([Ljavax/swing/MenuElement;Ljavax/swing/MenuElement;)V+26
j  javax.swing.plaf.basic.BasicMenuUI.access$200([Ljavax/swing/MenuElement;Ljavax/swing/MenuElement;)V+2
j  javax.swing.plaf.basic.BasicMenuUI$Handler.mousePressed(Ljava/awt/event/MouseEvent;)V+146
j  javax.swing.plaf.basic.BasicMenuUI$MouseInputHandler.mousePressed(Ljava/awt/event/MouseEvent;)V+8
j  java.awt.Component.processMouseEvent(Ljava/awt/event/MouseEvent;)V+54
j  javax.swing.JComponent.processMouseEvent(Ljava/awt/event/MouseEvent;)V+23
j  java.awt.Component.processEvent(Ljava/awt/AWTEvent;)V+81
J 1112 C1 java.awt.Container.processEvent(Ljava/awt/AWTEvent;)V (22 bytes) @ 0x00007f13b13c88c4 [0x00007f13b13c85a0+0x324]
J 1370 C1 java.awt.Component.dispatchEventImpl(Ljava/awt/AWTEvent;)V (883 bytes) @ 0x00007f13b1475964 [0x00007f13b14704e0+0x5484]
J 657 C1 java.awt.Container.dispatchEventImpl(Ljava/awt/AWTEvent;)V (129 bytes) @ 0x00007f13b1267e64 [0x00007f13b1267d20+0x144]
J 656 C1 java.awt.Component.dispatchEvent(Ljava/awt/AWTEvent;)V (6 bytes) @ 0x00007f13b1268e04 [0x00007f13b1268d00+0x104]
j  java.awt.LightweightDispatcher.retargetMouseEvent(Ljava/awt/Component;ILjava/awt/event/MouseEvent;)V+327
j  java.awt.LightweightDispatcher.processMouseEvent(Ljava/awt/event/MouseEvent;)Z+144
J 820 C1 java.awt.LightweightDispatcher.dispatchEvent(Ljava/awt/AWTEvent;)Z (73 bytes) @ 0x00007f13b1320b74 [0x00007f13b1320740+0x434]
J 657 C1 java.awt.Container.dispatchEventImpl(Ljava/awt/AWTEvent;)V (129 bytes) @ 0x00007f13b1267e04 [0x00007f13b1267d20+0xe4]
J 819 C1 java.awt.Window.dispatchEventImpl(Ljava/awt/AWTEvent;)V (23 bytes) @ 0x00007f13b1320244 [0x00007f13b131fc60+0x5e4]
J 1629 C1 java.awt.EventQueue.dispatchEventImpl(Ljava/awt/AWTEvent;Ljava/lang/Object;)V (149 bytes) @ 0x00007f13b1532af4 [0x00007f13b15312c0+0x1834]
J 793 C1 java.awt.EventQueue$3.run()Ljava/lang/Void; (60 bytes) @ 0x00007f13b130bac4 [0x00007f13b130b8c0+0x204]
J 792 C1 java.awt.EventQueue$3.run()Ljava/lang/Object; (5 bytes) @ 0x00007f13b130b54c [0x00007f13b130b4c0+0x8c]
v  ~StubRoutines::call_stub
J 548  java.security.AccessController.doPrivileged(Ljava/security/PrivilegedAction;Ljava/security/AccessControlContext;)Ljava/lang/Object; (0 bytes) @ 0x00007f13b122aca3 [0x00007f13b122ac40+0x63]
J 761 C1 java.awt.EventQueue$4.run()Ljava/lang/Object; (5 bytes) @ 0x00007f13b12f24e4 [0x00007f13b12f20c0+0x424]
v  ~StubRoutines::call_stub
J 548  java.security.AccessController.doPrivileged(Ljava/security/PrivilegedAction;Ljava/security/AccessControlContext;)Ljava/lang/Object; (0 bytes) @ 0x00007f13b122aca3 [0x00007f13b122ac40+0x63]
J 697 C1 java.awt.EventQueue.dispatchEvent(Ljava/awt/AWTEvent;)V (80 bytes) @ 0x00007f13b129fe74 [0x00007f13b129f000+0xe74]
J 696 C1 org.GNOME.Accessibility.AtkWrapper$5.dispatchEvent(Ljava/awt/AWTEvent;)V (104 bytes) @ 0x00007f13b129e96c [0x00007f13b129e1c0+0x7ac]
J 952 C1 java.awt.EventDispatchThread.pumpOneEventForFilters(I)V (190 bytes) @ 0x00007f13b1369b4c [0x00007f13b1368900+0x124c]
j  java.awt.EventDispatchThread.pumpEventsForFilter(ILjava/awt/Conditional;Ljava/awt/EventFilter;)V+35
j  java.awt.EventDispatchThread.pumpEventsForHierarchy(ILjava/awt/Conditional;Ljava/awt/Component;)V+11
j  java.awt.EventDispatchThread.pumpEvents(ILjava/awt/Conditional;)V+4
j  java.awt.EventDispatchThread.pumpEvents(Ljava/awt/Conditional;)V+3
j  java.awt.EventDispatchThread.run()V+9
v  ~StubRoutines::call_stub

---------------  P R O C E S S  ---------------

Java Threads: ( => current thread )
  0x00007f135c053800 JavaThread "Image Fetcher 0" daemon [_thread_blocked, id=3100, stack(0x00007f1369c28000,0x00007f1369d29000)]
  0x00007f135c029000 JavaThread "TimerQueue" daemon [_thread_blocked, id=3098, stack(0x00007f1369d29000,0x00007f1369e2a000)]
  0x00007f13c000b000 JavaThread "DestroyJavaVM" [_thread_blocked, id=3077, stack(0x00007f13ca36a000,0x00007f13ca46b000)]
  0x00007f1360003800 JavaThread "Thread-0" daemon [_thread_in_native, id=3095, stack(0x00007f136a32b000,0x00007f136ab2c000)]
=>0x00007f13c02bd800 JavaThread "AWT-EventQueue-1" [_thread_in_native, id=3097, stack(0x00007f136a22a000,0x00007f136a32b000)]
  0x00007f13c02bc800 JavaThread "AWT-Shutdown" [_thread_blocked, id=3096, stack(0x00007f13a00fa000,0x00007f13a01fb000)]
  0x00007f13c023b000 JavaThread "process reaper" daemon [_thread_blocked, id=3094, stack(0x00007f13a8465000,0x00007f13a849e000)]
  0x00007f13c0228000 JavaThread "AWT-XAWT" daemon [_thread_blocked, id=3092, stack(0x00007f13a849e000,0x00007f13a859f000)]
  0x00007f13c0206000 JavaThread "Java2D Disposer" daemon [_thread_blocked, id=3091, stack(0x00007f13a89af000,0x00007f13a8ab0000)]
  0x00007f13c00d2800 JavaThread "Service Thread" daemon [_thread_blocked, id=3089, stack(0x00007f13aac11000,0x00007f13aad12000)]
  0x00007f13c00bd800 JavaThread "C1 CompilerThread2" daemon [_thread_blocked, id=3088, stack(0x00007f13aad12000,0x00007f13aae13000)]
  0x00007f13c00bb800 JavaThread "C2 CompilerThread1" daemon [_thread_blocked, id=3087, stack(0x00007f13aae13000,0x00007f13aaf14000)]
  0x00007f13c00b9000 JavaThread "C2 CompilerThread0" daemon [_thread_blocked, id=3086, stack(0x00007f13aaf14000,0x00007f13ab015000)]
  0x00007f13c00b7800 JavaThread "Signal Dispatcher" daemon [_thread_blocked, id=3085, stack(0x00007f13ab015000,0x00007f13ab116000)]
  0x00007f13c0085000 JavaThread "Finalizer" daemon [_thread_blocked, id=3084, stack(0x00007f13ab3f4000,0x00007f13ab4f5000)]
  0x00007f13c0080800 JavaThread "Reference Handler" daemon [_thread_blocked, id=3083, stack(0x00007f13ab4f5000,0x00007f13ab5f6000)]

Other Threads:
  0x00007f13c0079000 VMThread [stack: 0x00007f13ab5f6000,0x00007f13ab6f7000] [id=3082]
  0x00007f13c00d5000 WatcherThread [stack: 0x00007f13aab10000,0x00007f13aac11000] [id=3090]

VM state:not at safepoint (normal execution)

VM Mutex/Monitor currently owned by a thread: None

Heap:
 PSYoungGen      total 18432K, used 6858K [0x00000000eb700000, 0x00000000ecb80000, 0x0000000100000000)
  eden space 15872K, 27% used [0x00000000eb700000,0x00000000ebb37b28,0x00000000ec680000)
  from space 2560K, 99% used [0x00000000ec680000,0x00000000ec8fae10,0x00000000ec900000)
  to   space 2560K, 0% used [0x00000000ec900000,0x00000000ec900000,0x00000000ecb80000)
 ParOldGen       total 42496K, used 2325K [0x00000000c2400000, 0x00000000c4d80000, 0x00000000eb700000)
  object space 42496K, 5% used [0x00000000c2400000,0x00000000c26457d8,0x00000000c4d80000)
 Metaspace       used 17482K, capacity 17798K, committed 18176K, reserved 1064960K
  class space    used 2149K, capacity 2273K, committed 2304K, reserved 1048576K

Card table byte_map: [0x00007f13c677d000,0x00007f13c696c000] byte_map_base: 0x00007f13c616b000

Marking Bits: (ParMarkBitMap*) 0x00007f13c9613140
 Begin Bits: [0x00007f13c434f000, 0x00007f13c52bf000)
 End Bits:   [0x00007f13c52bf000, 0x00007f13c622f000)

Polling page: 0x00007f13ca483000

CodeCache: size=245760Kb used=5381Kb max_used=5381Kb free=240378Kb
 bounds [0x00007f13b1000000, 0x00007f13b1550000, 0x00007f13c0000000]
 total_blobs=2253 nmethods=1626 adapters=540
 compilation: enabled

Compilation events (10 events):
Event: 28,224 Thread 0x00007f13c00bd800 1645       3       javax.swing.ArrayTable::put (193 bytes)
Event: 28,226 Thread 0x00007f13c00bd800 nmethod 1645 0x00007f13b153fc50 code [0x00007f13b153fec0, 0x00007f13b1541158]
Event: 28,226 Thread 0x00007f13c00bd800 1646   !   3       java.lang.ClassLoader::findNative (86 bytes)
Event: 28,227 Thread 0x00007f13c00bd800 nmethod 1646 0x00007f13b1541710 code [0x00007f13b15418c0, 0x00007f13b1542178]
Event: 28,230 Thread 0x00007f13c00bd800 1647       3       sun.awt.X11.WindowPropertyGetter::isDisposed (8 bytes)
Event: 28,230 Thread 0x00007f13c00bd800 nmethod 1647 0x00007f13b1542510 code [0x00007f13b1542680, 0x00007f13b15427f0]
Event: 28,235 Thread 0x00007f13c00bd800 1648   !   3       java.awt.Container::getComponent (42 bytes)
Event: 28,237 Thread 0x00007f13c00bd800 nmethod 1648 0x00007f13b1542890 code [0x00007f13b1542a80, 0x00007f13b15433e8]
Event: 28,237 Thread 0x00007f13c00bd800 1649   !   3       javax.swing.JComponent::putClientProperty (107 bytes)
Event: 28,238 Thread 0x00007f13c00bd800 nmethod 1649 0x00007f13b1543850 code [0x00007f13b1543a60, 0x00007f13b15444b8]

GC Heap History (2 events):
Event: 26,655 GC heap before
{Heap before GC invocations=1 (full 0):
 PSYoungGen      total 18432K, used 15872K [0x00000000eb700000, 0x00000000ecb80000, 0x0000000100000000)
  eden space 15872K, 100% used [0x00000000eb700000,0x00000000ec680000,0x00000000ec680000)
  from space 2560K, 0% used [0x00000000ec900000,0x00000000ec900000,0x00000000ecb80000)
  to   space 2560K, 0% used [0x00000000ec680000,0x00000000ec680000,0x00000000ec900000)
 ParOldGen       total 42496K, used 0K [0x00000000c2400000, 0x00000000c4d80000, 0x00000000eb700000)
  object space 42496K, 0% used [0x00000000c2400000,0x00000000c2400000,0x00000000c4d80000)
 Metaspace       used 17069K, capacity 17358K, committed 17664K, reserved 1064960K
  class space    used 2114K, capacity 2237K, committed 2304K, reserved 1048576K
Event: 26,673 GC heap after
Heap after GC invocations=1 (full 0):
 PSYoungGen      total 18432K, used 2539K [0x00000000eb700000, 0x00000000ecb80000, 0x0000000100000000)
  eden space 15872K, 0% used [0x00000000eb700000,0x00000000eb700000,0x00000000ec680000)
  from space 2560K, 99% used [0x00000000ec680000,0x00000000ec8fae10,0x00000000ec900000)
  to   space 2560K, 0% used [0x00000000ec900000,0x00000000ec900000,0x00000000ecb80000)
 ParOldGen       total 42496K, used 2325K [0x00000000c2400000, 0x00000000c4d80000, 0x00000000eb700000)
  object space 42496K, 5% used [0x00000000c2400000,0x00000000c26457d8,0x00000000c4d80000)
 Metaspace       used 17069K, capacity 17358K, committed 17664K, reserved 1064960K
  class space    used 2114K, capacity 2237K, committed 2304K, reserved 1048576K
}

Deoptimization events (9 events):
Event: 10,025 Thread 0x00007f13c02bd800 Uncommon trap: reason=class_check action=maybe_recompile pc=0x00007f13b1177be8 method=java.lang.String.equals(Ljava/lang/Object;)Z @ 8
Event: 10,025 Thread 0x00007f13c02bd800 Uncommon trap: reason=class_check action=maybe_recompile pc=0x00007f13b1177be8 method=java.lang.String.equals(Ljava/lang/Object;)Z @ 8
Event: 10,025 Thread 0x00007f13c02bd800 Uncommon trap: reason=class_check action=maybe_recompile pc=0x00007f13b1177be8 method=java.lang.String.equals(Ljava/lang/Object;)Z @ 8
Event: 14,460 Thread 0x00007f13c02bd800 Uncommon trap: reason=class_check action=maybe_recompile pc=0x00007f13b1177be8 method=java.lang.String.equals(Ljava/lang/Object;)Z @ 8
Event: 24,830 Thread 0x00007f135c053800 Uncommon trap: reason=class_check action=maybe_recompile pc=0x00007f13b11e0618 method=java.util.Properties$LineReader.readLine()I @ 62
Event: 24,831 Thread 0x00007f135c053800 Uncommon trap: reason=unstable_if action=reinterpret pc=0x00007f13b11e03d8 method=java.util.Properties$LineReader.readLine()I @ 206
Event: 24,831 Thread 0x00007f135c053800 Uncommon trap: reason=unstable_if action=reinterpret pc=0x00007f13b11df19c method=java.util.Properties.loadConvert([CII[C)Ljava/lang/String; @ 57
Event: 26,896 Thread 0x00007f13c02bd800 Uncommon trap: reason=unstable_if action=reinterpret pc=0x00007f13b14023a0 method=java.lang.ref.SoftReference.get()Ljava/lang/Object; @ 17
Event: 26,899 Thread 0x00007f13c02bd800 Uncommon trap: reason=unstable_if action=reinterpret pc=0x00007f13b1444460 method=java.lang.ref.SoftReference.get()Ljava/lang/Object; @ 17

Classes redefined (0 events):
No events

Internal exceptions (10 events):
Event: 0,354 Thread 0x00007f13c000b000 Exception <a 'java/lang/NoSuchFieldError': method resolution failed> (0x00000000eb8b17c8) thrown at [/build/openjdk-8-QGp3nu/openjdk-8-8u171-b11/src/hotspot/src/share/vm/prims/methodHandles.cpp, line 1167]
Event: 0,356 Thread 0x00007f13c000b000 Exception <a 'java/lang/NoSuchFieldError': method resolution failed> (0x00000000eb8befc8) thrown at [/build/openjdk-8-QGp3nu/openjdk-8-8u171-b11/src/hotspot/src/share/vm/prims/methodHandles.cpp, line 1167]
Event: 0,389 Thread 0x00007f13c000b000 Exception <a 'java/io/FileNotFoundException'> (0x00000000eb93d840) thrown at [/build/openjdk-8-QGp3nu/openjdk-8-8u171-b11/src/hotspot/src/share/vm/prims/jni.cpp, line 709]
Event: 0,421 Thread 0x00007f13c000b000 Exception <a 'java/lang/ClassNotFoundException': sun/dc/DuctusRenderingEngine> (0x00000000eb95a128) thrown at [/build/openjdk-8-QGp3nu/openjdk-8-8u171-b11/src/hotspot/src/share/vm/classfile/systemDictionary.cpp, line 210]
Event: 1,164 Thread 0x00007f13c02bd800 Exception <a 'java/lang/UnsupportedOperationException': > (0x00000000ebbd6e88) thrown at [/build/openjdk-8-QGp3nu/openjdk-8-8u171-b11/src/hotspot/src/share/vm/prims/jni.cpp, line 735]
Event: 3,804 Thread 0x00007f13c02bd800 Exception <a 'java/lang/UnsupportedOperationException': > (0x00000000ebdbe630) thrown at [/build/openjdk-8-QGp3nu/openjdk-8-8u171-b11/src/hotspot/src/share/vm/prims/jni.cpp, line 735]
Event: 11,496 Thread 0x00007f13c02bd800 Exception <a 'java/lang/UnsupportedOperationException': > (0x00000000ebe62ce0) thrown at [/build/openjdk-8-QGp3nu/openjdk-8-8u171-b11/src/hotspot/src/share/vm/prims/jni.cpp, line 735]
Event: 24,990 Thread 0x00007f13c02bd800 Exception <a 'java/lang/UnsupportedOperationException': > (0x00000000ebf9ed48) thrown at [/build/openjdk-8-QGp3nu/openjdk-8-8u171-b11/src/hotspot/src/share/vm/prims/jni.cpp, line 735]
Event: 26,272 Thread 0x00007f13c02bd800 Exception <a 'java/io/FileNotFoundException'> (0x00000000ec329b78) thrown at [/build/openjdk-8-QGp3nu/openjdk-8-8u171-b11/src/hotspot/src/share/vm/prims/jni.cpp, line 709]
Event: 26,981 Thread 0x00007f13c02bd800 Exception <a 'java/lang/UnsupportedOperationException': > (0x00000000ebae9ab0) thrown at [/build/openjdk-8-QGp3nu/openjdk-8-8u171-b11/src/hotspot/src/share/vm/prims/jni.cpp, line 735]

Events (10 events):
Event: 28,233 loading class javax/swing/PopupFactory$LightWeightPopup
Event: 28,233 loading class javax/swing/PopupFactory$ContainerPopup
Event: 28,234 loading class javax/swing/PopupFactory$ContainerPopup done
Event: 28,234 loading class javax/swing/PopupFactory$LightWeightPopup done
Event: 28,235 loading class sun/awt/UngrabEvent
Event: 28,235 loading class sun/awt/UngrabEvent done
Event: 28,237 loading class sun/java2d/opengl/OGLRenderQueue
Event: 28,239 loading class sun/java2d/pipe/RenderQueue
Event: 28,240 loading class sun/java2d/pipe/RenderQueue done
Event: 28,240 loading class sun/java2d/opengl/OGLRenderQueue done


Dynamic libraries:
c2400000-c4d80000 rw-p 00000000 00:00 0 
c4d80000-eb700000 ---p 00000000 00:00 0 
eb700000-ecb80000 rw-p 00000000 00:00 0 
ecb80000-100000000 ---p 00000000 00:00 0 
100000000-100240000 rw-p 00000000 00:00 0 
100240000-140000000 ---p 00000000 00:00 0 
55d0e3db3000-55d0e3db4000 r-xp 00000000 08:05 1060151                    /usr/lib/jvm/java-8-openjdk-amd64/jre/bin/java
55d0e3fb3000-55d0e3fb4000 r--p 00000000 08:05 1060151                    /usr/lib/jvm/java-8-openjdk-amd64/jre/bin/java
55d0e3fb4000-55d0e3fb5000 rw-p 00001000 08:05 1060151                    /usr/lib/jvm/java-8-openjdk-amd64/jre/bin/java
55d0e5331000-55d0e5352000 rw-p 00000000 00:00 0                          [heap]
7f1348000000-7f1348021000 rw-p 00000000 00:00 0 
7f1348021000-7f134c000000 ---p 00000000 00:00 0 
7f1350000000-7f1350021000 rw-p 00000000 00:00 0 
7f1350021000-7f1354000000 ---p 00000000 00:00 0 
7f1354000000-7f1354055000 rw-p 00000000 00:00 0 
7f1354055000-7f1358000000 ---p 00000000 00:00 0 
7f1358000000-7f1358021000 rw-p 00000000 00:00 0 
7f1358021000-7f135c000000 ---p 00000000 00:00 0 
7f135c000000-7f135c16b000 rw-p 00000000 00:00 0 
7f135c16b000-7f1360000000 ---p 00000000 00:00 0 
7f1360000000-7f1360021000 rw-p 00000000 00:00 0 
7f1360021000-7f1364000000 ---p 00000000 00:00 0 
7f1364000000-7f1364021000 rw-p 00000000 00:00 0 
7f1364021000-7f1368000000 ---p 00000000 00:00 0 
7f1368fbe000-7f1368fd5000 r--s 00000000 08:05 1179238                    /usr/share/fonts/type1/gsfonts/z003034l.pfb
7f1368fd5000-7f1368ff0000 r--s 00000000 08:05 1179223                    /usr/share/fonts/type1/gsfonts/p052003l.pfb
7f1368ff0000-7f1369001000 r--s 00000000 08:05 1179184                    /usr/share/fonts/type1/gsfonts/n019024l.pfb
7f1369001000-7f1369018000 r--s 00000000 08:05 1179205                    /usr/share/fonts/type1/gsfonts/n021023l.pfb
7f1369018000-7f1369033000 r--s 00000000 08:05 1179226                    /usr/share/fonts/type1/gsfonts/p052004l.pfb
7f1369033000-7f1369043000 r--s 00000000 08:05 1179142                    /usr/share/fonts/type1/gsfonts/a010033l.pfb
7f1369043000-7f136905b000 r--s 00000000 08:05 1179166                    /usr/share/fonts/type1/gsfonts/c059033l.pfb
7f136905b000-7f136906e000 r--s 00000000 08:05 1179196                    /usr/share/fonts/type1/gsfonts/n019064l.pfb
7f136906e000-7f1369080000 r--s 00000000 08:05 1179157                    /usr/share/fonts/type1/gsfonts/b018035l.pfb
7f1369080000-7f1369093000 r--s 00000000 08:05 1179151                    /usr/share/fonts/type1/gsfonts/b018015l.pfb
7f1369093000-7f13690a3000 r--s 00000000 08:05 1179139                    /usr/share/fonts/type1/gsfonts/a010015l.pfb
7f13690a3000-7f13690ac000 r--s 00000000 08:05 1179235                    /usr/share/fonts/type1/gsfonts/s050000l.pfb
7f13690ac000-7f13690c6000 r--s 00000000 08:05 1179160                    /usr/share/fonts/type1/gsfonts/c059013l.pfb
7f13690c6000-7f13690d6000 r--s 00000000 08:05 1179136                    /usr/share/fonts/type1/gsfonts/a010013l.pfb
7f13690d6000-7f13690f1000 r--s 00000000 08:05 1179163                    /usr/share/fonts/type1/gsfonts/c059016l.pfb
7f13690f1000-7f1369109000 r--s 00000000 08:05 1179169                    /usr/share/fonts/type1/gsfonts/c059036l.pfb
7f1369109000-7f136911f000 r--s 00000000 08:05 1179208                    /usr/share/fonts/type1/gsfonts/n021024l.pfb
7f136911f000-7f1369131000 r--s 00000000 08:05 1179190                    /usr/share/fonts/type1/gsfonts/n019044l.pfb
7f1369131000-7f1369142000 r--s 00000000 08:05 1179145                    /usr/share/fonts/type1/gsfonts/a010035l.pfb
7f1369142000-7f1369158000 r--s 00000000 08:05 1179220                    /usr/share/fonts/type1/gsfonts/n022024l.pfb
7f1369158000-7f136916c000 r--s 00000000 08:05 1179175                    /usr/share/fonts/type1/gsfonts/n019003l.pfb
7f136916c000-7f1369178000 r--s 00000000 08:05 1179172                    /usr/share/fonts/type1/gsfonts/d050000l.pfb
7f1369178000-7f136918d000 r--s 00000000 08:05 1179154                    /usr/share/fonts/type1/gsfonts/b018032l.pfb
7f136918d000-7f13691a6000 r--s 00000000 08:05 1179199                    /usr/share/fonts/type1/gsfonts/n021003l.pfb
7f13691a6000-7f13691bf000 r--s 00000000 08:05 1179202                    /usr/share/fonts/type1/gsfonts/n021004l.pfb
7f13691bf000-7f13691db000 r--s 00000000 08:05 1179232                    /usr/share/fonts/type1/gsfonts/p052024l.pfb
7f13691db000-7f13691ec000 r--s 00000000 08:05 1179181                    /usr/share/fonts/type1/gsfonts/n019023l.pfb
7f13691ec000-7f1369205000 r--s 00000000 08:05 1179214                    /usr/share/fonts/type1/gsfonts/n022004l.pfb
7f1369205000-7f1369217000 r--s 00000000 08:05 1179187                    /usr/share/fonts/type1/gsfonts/n019043l.pfb
7f1369217000-7f1369229000 r--s 00000000 08:05 1179178                    /usr/share/fonts/type1/gsfonts/n019004l.pfb
7f1369229000-7f1369242000 r--s 00000000 08:05 1179148                    /usr/share/fonts/type1/gsfonts/b018012l.pfb
7f1369242000-7f136925d000 r--s 00000000 08:05 1179229                    /usr/share/fonts/type1/gsfonts/p052023l.pfb
7f136925d000-7f1369273000 r--s 00000000 08:05 1179217                    /usr/share/fonts/type1/gsfonts/n022023l.pfb
7f1369273000-7f1369284000 r--s 00000000 08:05 1179193                    /usr/share/fonts/type1/gsfonts/n019063l.pfb
7f1369284000-7f136928d000 r--s 00000000 08:05 1178398                    /usr/share/fonts/X11/Type1/c0648bt_.pfb
7f136928d000-7f1369297000 r--s 00000000 08:05 1178386                    /usr/share/fonts/X11/Type1/c0419bt_.pfb
7f1369297000-7f13692a0000 r--s 00000000 08:05 1178396                    /usr/share/fonts/X11/Type1/c0633bt_.pfb
7f13692a0000-7f13692a9000 r--s 00000000 08:05 1178394                    /usr/share/fonts/X11/Type1/c0632bt_.pfb
7f13692a9000-7f13692b3000 r--s 00000000 08:05 1178390                    /usr/share/fonts/X11/Type1/c0583bt_.pfb
7f13692b3000-7f1369433000 rw-p 00000000 00:00 0 
7f1369433000-7f13694b6000 ---p 00000000 00:00 0 
7f13694b6000-7f13695b4000 rw-p 00000000 00:00 0 
7f13695b4000-7f136961b000 r-xp 00000000 08:05 523305                     /usr/lib/x86_64-linux-gnu/libjpeg.so.8.1.2
7f136961b000-7f136981a000 ---p 00067000 08:05 523305                     /usr/lib/x86_64-linux-gnu/libjpeg.so.8.1.2
7f136981a000-7f136981b000 r--p 00066000 08:05 523305                     /usr/lib/x86_64-linux-gnu/libjpeg.so.8.1.2
7f136981b000-7f136981c000 rw-p 00067000 08:05 523305                     /usr/lib/x86_64-linux-gnu/libjpeg.so.8.1.2
7f136981c000-7f1369826000 r-xp 00000000 08:05 1206865                    /usr/lib/jvm/java-8-openjdk-amd64/jre/lib/amd64/libjavajpeg.so
7f1369826000-7f1369a26000 ---p 0000a000 08:05 1206865                    /usr/lib/jvm/java-8-openjdk-amd64/jre/lib/amd64/libjavajpeg.so
7f1369a26000-7f1369a27000 r--p 0000a000 08:05 1206865                    /usr/lib/jvm/java-8-openjdk-amd64/jre/lib/amd64/libjavajpeg.so
7f1369a27000-7f1369a28000 rw-p 0000b000 08:05 1206865                    /usr/lib/jvm/java-8-openjdk-amd64/jre/lib/amd64/libjavajpeg.so
7f1369a28000-7f1369c28000 rw-p 00000000 00:00 0 
7f1369c28000-7f1369c2b000 ---p 00000000 00:00 0 
7f1369c2b000-7f1369d29000 rw-p 00000000 00:00 0 
7f1369d29000-7f1369d2c000 ---p 00000000 00:00 0 
7f1369d2c000-7f136a02a000 rw-p 00000000 00:00 0 
7f136a02a000-7f136a22a000 rw-p 00000000 00:00 0 
7f136a22a000-7f136a22d000 ---p 00000000 00:00 0 
7f136a22d000-7f136a32b000 rw-p 00000000 00:00 0 
7f136a32b000-7f136a32e000 ---p 00000000 00:00 0 
7f136a32e000-7f136ab2c000 rw-p 00000000 00:00 0 
7f136ab2c000-7f136ab40000 r-xp 00000000 08:05 1575462                    /lib/x86_64-linux-gnu/libgpg-error.so.0.22.0
7f136ab40000-7f136ad3f000 ---p 00014000 08:05 1575462                    /lib/x86_64-linux-gnu/libgpg-error.so.0.22.0
7f136ad3f000-7f136ad40000 r--p 00013000 08:05 1575462                    /lib/x86_64-linux-gnu/libgpg-error.so.0.22.0
7f136ad40000-7f136ad41000 rw-p 00014000 08:05 1575462                    /lib/x86_64-linux-gnu/libgpg-error.so.0.22.0
7f136ad41000-7f136ad66000 r-xp 00000000 08:05 1575569                    /lib/x86_64-linux-gnu/libselinux.so.1
7f136ad66000-7f136af65000 ---p 00025000 08:05 1575569                    /lib/x86_64-linux-gnu/libselinux.so.1
7f136af65000-7f136af66000 r--p 00024000 08:05 1575569                    /lib/x86_64-linux-gnu/libselinux.so.1
7f136af66000-7f136af67000 rw-p 00025000 08:05 1575569                    /lib/x86_64-linux-gnu/libselinux.so.1
7f136af67000-7f136af69000 rw-p 00000000 00:00 0 
7f136af69000-7f136af80000 r-xp 00000000 08:05 534804                     /usr/lib/x86_64-linux-gnu/liblz4.so.1.7.1
7f136af80000-7f136b17f000 ---p 00017000 08:05 534804                     /usr/lib/x86_64-linux-gnu/liblz4.so.1.7.1
7f136b17f000-7f136b180000 r--p 00016000 08:05 534804                     /usr/lib/x86_64-linux-gnu/liblz4.so.1.7.1
7f136b180000-7f136b181000 rw-p 00017000 08:05 534804                     /usr/lib/x86_64-linux-gnu/liblz4.so.1.7.1
7f136b181000-7f136b1a5000 r-xp 00000000 08:05 1575481                    /lib/x86_64-linux-gnu/liblzma.so.5.2.2
7f136b1a5000-7f136b3a5000 ---p 00024000 08:05 1575481                    /lib/x86_64-linux-gnu/liblzma.so.5.2.2
7f136b3a5000-7f136b3a6000 r--p 00024000 08:05 1575481                    /lib/x86_64-linux-gnu/liblzma.so.5.2.2
7f136b3a6000-7f136b3a7000 rw-p 00025000 08:05 1575481                    /lib/x86_64-linux-gnu/liblzma.so.5.2.2
7f136b3a7000-7f136b4ad000 r-xp 00000000 08:05 1570060                    /lib/x86_64-linux-gnu/libgcrypt.so.20.1.8
7f136b4ad000-7f136b6ac000 ---p 00106000 08:05 1570060                    /lib/x86_64-linux-gnu/libgcrypt.so.20.1.8
7f136b6ac000-7f136b6ae000 r--p 00105000 08:05 1570060                    /lib/x86_64-linux-gnu/libgcrypt.so.20.1.8
7f136b6ae000-7f136b6b4000 rw-p 00107000 08:05 1570060                    /lib/x86_64-linux-gnu/libgcrypt.so.20.1.8
7f136b6b4000-7f136b6b5000 rw-p 00000000 00:00 0 
7f136b6b5000-7f136b736000 r-xp 00000000 08:05 1576166                    /lib/x86_64-linux-gnu/libsystemd.so.0.19.0
7f136b736000-7f136b935000 ---p 00081000 08:05 1576166                    /lib/x86_64-linux-gnu/libsystemd.so.0.19.0
7f136b935000-7f136b938000 r--p 00080000 08:05 1576166                    /lib/x86_64-linux-gnu/libsystemd.so.0.19.0
7f136b938000-7f136b939000 rw-p 00083000 08:05 1576166                    /lib/x86_64-linux-gnu/libsystemd.so.0.19.0
7f136b939000-7f136b93a000 rw-p 00000000 00:00 0 
7f136b93a000-7f136b9aa000 r-xp 00000000 08:05 1575542                    /lib/x86_64-linux-gnu/libpcre.so.3.13.3
7f136b9aa000-7f136bbaa000 ---p 00070000 08:05 1575542                    /lib/x86_64-linux-gnu/libpcre.so.3.13.3
7f136bbaa000-7f136bbab000 r--p 00070000 08:05 1575542                    /lib/x86_64-linux-gnu/libpcre.so.3.13.3
7f136bbab000-7f136bbac000 rw-p 00071000 08:05 1575542                    /lib/x86_64-linux-gnu/libpcre.so.3.13.3
7f136bbac000-7f136bbb3000 r-xp 00000000 08:05 534412                     /usr/lib/x86_64-linux-gnu/libffi.so.6.0.4
7f136bbb3000-7f136bdb2000 ---p 00007000 08:05 534412                     /usr/lib/x86_64-linux-gnu/libffi.so.6.0.4
7f136bdb2000-7f136bdb3000 r--p 00006000 08:05 534412                     /usr/lib/x86_64-linux-gnu/libffi.so.6.0.4
7f136bdb3000-7f136bdb4000 rw-p 00007000 08:05 534412                     /usr/lib/x86_64-linux-gnu/libffi.so.6.0.4
7f136bdb4000-7f136bdfe000 r-xp 00000000 08:05 1575434                    /lib/x86_64-linux-gnu/libdbus-1.so.3.14.13
7f136bdfe000-7f136bffe000 ---p 0004a000 08:05 1575434                    /lib/x86_64-linux-gnu/libdbus-1.so.3.14.13
7f136bffe000-7f136bfff000 r--p 0004a000 08:05 1575434                    /lib/x86_64-linux-gnu/libdbus-1.so.3.14.13
7f136bfff000-7f136c000000 rw-p 0004b000 08:05 1575434                    /lib/x86_64-linux-gnu/libdbus-1.so.3.14.13
7f136c000000-7f136c021000 rw-p 00000000 00:00 0 
7f136c021000-7f1370000000 ---p 00000000 00:00 0 
7f1370000000-7f1370021000 rw-p 00000000 00:00 0 
7f1370021000-7f1374000000 ---p 00000000 00:00 0 
7f1374000000-7f1374021000 rw-p 00000000 00:00 0 
7f1374021000-7f1378000000 ---p 00000000 00:00 0 
7f1378000000-7f1378021000 rw-p 00000000 00:00 0 
7f1378021000-7f137c000000 ---p 00000000 00:00 0 
7f137c000000-7f137c1a5000 rw-p 00000000 00:00 0 
7f137c1a5000-7f1380000000 ---p 00000000 00:00 0 
7f1380000000-7f13807e7000 rw-p 00000000 00:00 0 
7f13807e7000-7f1384000000 ---p 00000000 00:00 0 
7f1384000000-7f1384021000 rw-p 00000000 00:00 0 
7f1384021000-7f1388000000 ---p 00000000 00:00 0 
7f1388000000-7f1388137000 rw-p 00000000 00:00 0 
7f1388137000-7f138c000000 ---p 00000000 00:00 0 
7f138c000000-7f138c021000 rw-p 00000000 00:00 0 
7f138c021000-7f1390000000 ---p 00000000 00:00 0 
7f1390000000-7f1390021000 rw-p 00000000 00:00 0 
7f1390021000-7f1394000000 ---p 00000000 00:00 0 
7f1394000000-7f1394021000 rw-p 00000000 00:00 0 
7f1394021000-7f1398000000 ---p 00000000 00:00 0 
7f1398000000-7f1398021000 rw-p 00000000 00:00 0 
7f1398021000-7f139c000000 ---p 00000000 00:00 0 
7f139c000000-7f139c021000 rw-p 00000000 00:00 0 
7f139c021000-7f13a0000000 ---p 00000000 00:00 0 
7f13a0007000-7f13a0010000 r--s 00000000 08:05 1178400                    /usr/share/fonts/X11/Type1/c0649bt_.pfb
7f13a0010000-7f13a001a000 r--s 00000000 08:05 1178392                    /usr/share/fonts/X11/Type1/c0611bt_.pfb
7f13a001a000-7f13a0024000 r--s 00000000 08:05 1178388                    /usr/share/fonts/X11/Type1/c0582bt_.pfb
7f13a0024000-7f13a002f000 r--s 00000000 08:05 1449341                    /var/cache/fontconfig/945677eb7aeaf62f1d50efc3fb3ec7d8-le64.cache-6
7f13a002f000-7f13a0035000 r--s 00000000 08:05 1449310                    /var/cache/fontconfig/2cd17615ca594fa2959ae173292e504c-le64.cache-6
7f13a0035000-7f13a0036000 r--s 00000000 08:05 1449303                    /var/cache/fontconfig/0d8c3b2ac0904cb8a57a757ad11a4a08-le64.cache-6
7f13a0036000-7f13a004b000 r--s 00000000 08:05 1449299                    /var/cache/fontconfig/04aabc0a78ac019cf9454389977116d2-le64.cache-6
7f13a004b000-7f13a004c000 r--s 00000000 08:05 1449307                    /var/cache/fontconfig/1ac9eb803944fde146138c791f5cc56a-le64.cache-6
7f13a004c000-7f13a0050000 r--s 00000000 08:05 1449316                    /var/cache/fontconfig/385c0604a188198f04d133e54aba7fe7-le64.cache-6
7f13a0050000-7f13a0051000 r--s 00000000 08:05 1449360                    /var/cache/fontconfig/dc05db6664285cc2f12bf69c139ae4c3-le64.cache-6
7f13a0051000-7f13a0053000 r--s 00000000 08:05 1449304                    /var/cache/fontconfig/14a5e22175779b556eaa434240950366-le64.cache-6
7f13a0053000-7f13a0054000 r--s 00000000 08:05 1449333                    /var/cache/fontconfig/660208299946a285a940457d1287da33-le64.cache-6
7f13a0054000-7f13a0056000 r--s 00000000 08:05 1449324                    /var/cache/fontconfig/4f3e3037c9980c83b53a9351efadef62-le64.cache-6
7f13a0056000-7f13a0059000 r--s 00000000 08:05 1449337                    /var/cache/fontconfig/767a8244fc0220cfb567a839d0392e0b-le64.cache-6
7f13a0059000-7f13a005a000 r--s 00000000 08:05 1442407                    /var/cache/fontconfig/4794a0821666d79190d59a36cb4f44b5-le64.cache-6
7f13a005a000-7f13a005b000 r--s 00000000 08:05 1449301                    /var/cache/fontconfig/0bd3dc0958fa2205aaaa8ebb13e2872b-le64.cache-6
7f13a005b000-7f13a0061000 r--s 00000000 08:05 1449340                    /var/cache/fontconfig/8801497958630a81b71ace7c5f9b32a8-le64.cache-6
7f13a0061000-7f13a0064000 r--s 00000000 08:05 1449345                    /var/cache/fontconfig/a015930274ffcd967d2ca1b57da47cc7-le64.cache-6
7f13a0064000-7f13a0065000 r--s 00000000 08:05 1449349                    /var/cache/fontconfig/b872e6e592da6075ffa4ab0a1fcc0c75-le64.cache-6
7f13a0065000-7f13a0066000 r--s 00000000 08:05 1449365                    /var/cache/fontconfig/f6d4eedfaab2589bde49f7a3ff831d22-le64.cache-6
7f13a0066000-7f13a0067000 r--s 00000000 08:05 1449331                    /var/cache/fontconfig/589f83ef4c36d296ce6e1c846f468f08-le64.cache-6
7f13a0067000-7f13a0068000 r--s 00000000 08:05 1449351                    /var/cache/fontconfig/bab58bb527bb656aaa9f116d68a48d89-le64.cache-6
7f13a0068000-7f13a0069000 r--s 00000000 08:05 1449308                    /var/cache/fontconfig/2171a34dccabdb6bcbbc728186263178-le64.cache-6
7f13a0069000-7f13a006a000 r--s 00000000 08:05 1449352                    /var/cache/fontconfig/c5c45a61289222e0d30b1a26ef4effbe-le64.cache-6
7f13a006a000-7f13a0070000 r--s 00000000 08:05 1449311                    /var/cache/fontconfig/3047814df9a2f067bd2d96a2b9c36e5a-le64.cache-6
7f13a0070000-7f13a0083000 r--s 00000000 08:05 1449357                    /var/cache/fontconfig/d52a8644073d54c13679302ca1180695-le64.cache-6
7f13a0083000-7f13a00fa000 rw-s 00000000 00:05 54493200                   /SYSV00000000 (deleted)
7f13a00fa000-7f13a00fd000 ---p 00000000 00:00 0 
7f13a00fd000-7f13a01fb000 rw-p 00000000 00:00 0 
7f13a01fb000-7f13a0227000 r-xp 00000000 08:05 534170                     /usr/lib/x86_64-linux-gnu/libatspi.so.0.0.1
7f13a0227000-7f13a0427000 ---p 0002c000 08:05 534170                     /usr/lib/x86_64-linux-gnu/libatspi.so.0.0.1
7f13a0427000-7f13a042a000 r--p 0002c000 08:05 534170                     /usr/lib/x86_64-linux-gnu/libatspi.so.0.0.1
7f13a042a000-7f13a042b000 rw-p 0002f000 08:05 534170                     /usr/lib/x86_64-linux-gnu/libatspi.so.0.0.1
7f13a042b000-7f13a053c000 r-xp 00000000 08:05 1575460                    /lib/x86_64-linux-gnu/libglib-2.0.so.0.5400.1
7f13a053c000-7f13a073c000 ---p 00111000 08:05 1575460                    /lib/x86_64-linux-gnu/libglib-2.0.so.0.5400.1
7f13a073c000-7f13a073d000 r--p 00111000 08:05 1575460                    /lib/x86_64-linux-gnu/libglib-2.0.so.0.5400.1
7f13a073d000-7f13a073e000 rw-p 00112000 08:05 1575460                    /lib/x86_64-linux-gnu/libglib-2.0.so.0.5400.1
7f13a073e000-7f13a073f000 rw-p 00000000 00:00 0 
7f13a073f000-7f13a0791000 r-xp 00000000 08:05 534558                     /usr/lib/x86_64-linux-gnu/libgobject-2.0.so.0.5400.1
7f13a0791000-7f13a0991000 ---p 00052000 08:05 534558                     /usr/lib/x86_64-linux-gnu/libgobject-2.0.so.0.5400.1
7f13a0991000-7f13a0992000 r--p 00052000 08:05 534558                     /usr/lib/x86_64-linux-gnu/libgobject-2.0.so.0.5400.1
7f13a0992000-7f13a0993000 rw-p 00053000 08:05 534558                     /usr/lib/x86_64-linux-gnu/libgobject-2.0.so.0.5400.1
7f13a0993000-7f13a09c0000 r-xp 00000000 08:05 534166                     /usr/lib/x86_64-linux-gnu/libatk-bridge-2.0.so.0.0.0
7f13a09c0000-7f13a0bbf000 ---p 0002d000 08:05 534166                     /usr/lib/x86_64-linux-gnu/libatk-bridge-2.0.so.0.0.0
7f13a0bbf000-7f13a0bc0000 r--p 0002c000 08:05 534166                     /usr/lib/x86_64-linux-gnu/libatk-bridge-2.0.so.0.0.0
7f13a0bc0000-7f13a0bc2000 rw-p 0002d000 08:05 534166                     /usr/lib/x86_64-linux-gnu/libatk-bridge-2.0.so.0.0.0
7f13a0bc2000-7f13a0be5000 r-xp 00000000 08:05 534164                     /usr/lib/x86_64-linux-gnu/libatk-1.0.so.0.22609.1
7f13a0be5000-7f13a0de4000 ---p 00023000 08:05 534164                     /usr/lib/x86_64-linux-gnu/libatk-1.0.so.0.22609.1
7f13a0de4000-7f13a0de7000 r--p 00022000 08:05 534164                     /usr/lib/x86_64-linux-gnu/libatk-1.0.so.0.22609.1
7f13a0de7000-7f13a0de8000 rw-p 00025000 08:05 534164                     /usr/lib/x86_64-linux-gnu/libatk-1.0.so.0.22609.1
7f13a0de8000-7f13a0dfe000 r-xp 00000000 08:05 654650                     /usr/lib/x86_64-linux-gnu/jni/libatk-wrapper.so.6.0.0
7f13a0dfe000-7f13a0ffd000 ---p 00016000 08:05 654650                     /usr/lib/x86_64-linux-gnu/jni/libatk-wrapper.so.6.0.0
7f13a0ffd000-7f13a0ffe000 r--p 00015000 08:05 654650                     /usr/lib/x86_64-linux-gnu/jni/libatk-wrapper.so.6.0.0
7f13a0ffe000-7f13a0fff000 rw-p 00016000 08:05 654650                     /usr/lib/x86_64-linux-gnu/jni/libatk-wrapper.so.6.0.0
7f13a0fff000-7f13a4000000 rw-p 00000000 00:00 0 
7f13a4000000-7f13a4021000 rw-p 00000000 00:00 0 
7f13a4021000-7f13a8000000 ---p 00000000 00:00 0 
7f13a8000000-7f13a8001000 r--s 00000000 08:05 1449347                    /var/cache/fontconfig/aec30016f93e1b46d1a973dce0d74068-le64.cache-6
7f13a8001000-7f13a8002000 r--s 00000000 08:05 1449317                    /var/cache/fontconfig/3f589640d34b7dc9042c8d453f7c8b9c-le64.cache-6
7f13a8002000-7f13a8003000 r--s 00000000 08:05 1449305                    /var/cache/fontconfig/16c2fda60d1b4b719f4b3d06fd951d25-le64.cache-6
7f13a8003000-7f13a8004000 r--s 00000000 08:05 1449346                    /var/cache/fontconfig/a48eab177a16e4f3713381162db2f3e9-le64.cache-6
7f13a8004000-7f13a8005000 r--s 00000000 08:05 1449327                    /var/cache/fontconfig/564b2e68ac9bc4e36a6f7f6d6125ec1c-le64.cache-6
7f13a8005000-7f13a8006000 r--s 00000000 08:05 1449328                    /var/cache/fontconfig/56cf4f4769d0f4abc89a4895d7bd3ae1-le64.cache-6
7f13a8006000-7f13a8007000 r--s 00000000 08:05 1449350                    /var/cache/fontconfig/b9d506c9ac06c20b433354fa67a72993-le64.cache-6
7f13a8007000-7f13a800d000 r--s 00000000 08:05 1449348                    /var/cache/fontconfig/b47c4e1ecd0709278f4910c18777a504-le64.cache-6
7f13a800d000-7f13a800e000 r--s 00000000 08:05 1449314                    /var/cache/fontconfig/370e5b74bf5dafc30834de68e24a87a4-le64.cache-6
7f13a800e000-7f13a800f000 r--s 00000000 08:05 1449335                    /var/cache/fontconfig/6b2c5944714ca7831b25bed9e85cb5c8-le64.cache-6
7f13a800f000-7f13a8010000 r--s 00000000 08:05 1449356                    /var/cache/fontconfig/d5178ab6d91b49bf20a416737dcea9e8-le64.cache-6
7f13a8010000-7f13a8011000 r--s 00000000 08:05 1449326                    /var/cache/fontconfig/551ecf3b0e8b0bca0f25c0944f561853-le64.cache-6
7f13a8011000-7f13a8014000 r--s 00000000 08:05 1449364                    /var/cache/fontconfig/f259c2cffa685e28062317905db73c4a-le64.cache-6
7f13a8014000-7f13a8016000 r--s 00000000 08:05 1449325                    /var/cache/fontconfig/550f3886151c940c12a5ed35f6a00586-le64.cache-6
7f13a8016000-7f13a8022000 r--s 00000000 08:05 1458039                    /var/cache/fontconfig/d589a48862398ed80a3d6066f4f56f4c-le64.cache-6
7f13a8022000-7f13a803a000 r--s 00000000 08:05 1179211                    /usr/share/fonts/type1/gsfonts/n022003l.pfb
7f13a803a000-7f13a8050000 r-xp 00000000 08:05 1206874                    /usr/lib/jvm/java-8-openjdk-amd64/jre/lib/amd64/libnet.so
7f13a8050000-7f13a8250000 ---p 00016000 08:05 1206874                    /usr/lib/jvm/java-8-openjdk-amd64/jre/lib/amd64/libnet.so
7f13a8250000-7f13a8251000 r--p 00016000 08:05 1206874                    /usr/lib/jvm/java-8-openjdk-amd64/jre/lib/amd64/libnet.so
7f13a8251000-7f13a8252000 rw-p 00017000 08:05 1206874                    /usr/lib/jvm/java-8-openjdk-amd64/jre/lib/amd64/libnet.so
7f13a8252000-7f13a8263000 r-xp 00000000 08:05 1206875                    /usr/lib/jvm/java-8-openjdk-amd64/jre/lib/amd64/libnio.so
7f13a8263000-7f13a8463000 ---p 00011000 08:05 1206875                    /usr/lib/jvm/java-8-openjdk-amd64/jre/lib/amd64/libnio.so
7f13a8463000-7f13a8464000 r--p 00011000 08:05 1206875                    /usr/lib/jvm/java-8-openjdk-amd64/jre/lib/amd64/libnio.so
7f13a8464000-7f13a8465000 rw-p 00012000 08:05 1206875                    /usr/lib/jvm/java-8-openjdk-amd64/jre/lib/amd64/libnio.so
7f13a8465000-7f13a8468000 ---p 00000000 00:00 0 
7f13a8468000-7f13a849e000 rw-p 00000000 00:00 0 
7f13a849e000-7f13a84a1000 ---p 00000000 00:00 0 
7f13a84a1000-7f13a859f000 rw-p 00000000 00:00 0 
7f13a859f000-7f13a85a4000 r-xp 00000000 08:05 534092                     /usr/lib/x86_64-linux-gnu/libXfixes.so.3.1.0
7f13a85a4000-7f13a87a3000 ---p 00005000 08:05 534092                     /usr/lib/x86_64-linux-gnu/libXfixes.so.3.1.0
7f13a87a3000-7f13a87a4000 r--p 00004000 08:05 534092                     /usr/lib/x86_64-linux-gnu/libXfixes.so.3.1.0
7f13a87a4000-7f13a87a5000 rw-p 00005000 08:05 534092                     /usr/lib/x86_64-linux-gnu/libXfixes.so.3.1.0
7f13a87a5000-7f13a87ae000 r-xp 00000000 08:05 534084                     /usr/lib/x86_64-linux-gnu/libXcursor.so.1.0.2
7f13a87ae000-7f13a89ad000 ---p 00009000 08:05 534084                     /usr/lib/x86_64-linux-gnu/libXcursor.so.1.0.2
7f13a89ad000-7f13a89ae000 r--p 00008000 08:05 534084                     /usr/lib/x86_64-linux-gnu/libXcursor.so.1.0.2
7f13a89ae000-7f13a89af000 rw-p 00009000 08:05 534084                     /usr/lib/x86_64-linux-gnu/libXcursor.so.1.0.2
7f13a89af000-7f13a89b2000 ---p 00000000 00:00 0 
7f13a89b2000-7f13a8ab0000 rw-p 00000000 00:00 0 
7f13a8ab0000-7f13a8ae1000 r-xp 00000000 08:05 534963                     /usr/lib/x86_64-linux-gnu/libpng16.so.16.34.0
7f13a8ae1000-7f13a8ce0000 ---p 00031000 08:05 534963                     /usr/lib/x86_64-linux-gnu/libpng16.so.16.34.0
7f13a8ce0000-7f13a8ce1000 r--p 00030000 08:05 534963                     /usr/lib/x86_64-linux-gnu/libpng16.so.16.34.0
7f13a8ce1000-7f13a8ce2000 rw-p 00031000 08:05 534963                     /usr/lib/x86_64-linux-gnu/libpng16.so.16.34.0
7f13a8ce2000-7f13a8d8e000 r-xp 00000000 08:05 526110                     /usr/lib/x86_64-linux-gnu/libfreetype.so.6.14.0
7f13a8d8e000-7f13a8f8d000 ---p 000ac000 08:05 526110                     /usr/lib/x86_64-linux-gnu/libfreetype.so.6.14.0
7f13a8f8d000-7f13a8f94000 r--p 000ab000 08:05 526110                     /usr/lib/x86_64-linux-gnu/libfreetype.so.6.14.0
7f13a8f94000-7f13a8f95000 rw-p 000b2000 08:05 526110                     /usr/lib/x86_64-linux-gnu/libfreetype.so.6.14.0
7f13a8f95000-7f13a8f98000 r--s 00000000 08:05 1449334                    /var/cache/fontconfig/674d1711f2d1d2a09646eb0bdcadee49-le64.cache-6
7f13a8f98000-7f13a8f99000 r--s 00000000 08:05 1449318                    /var/cache/fontconfig/3f7329c5293ffd510edef78f73874cfd-le64.cache-6
7f13a8f99000-7f13a8f9a000 r--s 00000000 08:05 1449312                    /var/cache/fontconfig/30829fa25452a46451e813d634d7f916-le64.cache-6
7f13a8f9a000-7f13a8f9b000 r--s 00000000 08:05 1449302                    /var/cache/fontconfig/0c9eb80ebd1c36541ebe2852d3bb0c49-le64.cache-6
7f13a8f9b000-7f13a8f9c000 r--s 00000000 08:05 1449309                    /var/cache/fontconfig/22368d551a680bfe5a62c02760edf4ea-le64.cache-6
7f13a8f9c000-7f13a8f9d000 r--s 00000000 08:05 1449323                    /var/cache/fontconfig/4d9c95eba1cb85bbcf2878543262124a-le64.cache-6
7f13a8f9d000-7f13a8f9e000 r--s 00000000 08:05 1449339                    /var/cache/fontconfig/85e0a52ce643a7ba2ae53e5d6949cead-le64.cache-6
7f13a8f9e000-7f13a8fac000 r--s 00000000 08:05 1449343                    /var/cache/fontconfig/9b89f8e3dae116d678bbf48e5f21f69b-le64.cache-6
7f13a8fac000-7f13a8ffd000 r-xp 00000000 08:05 1206855                    /usr/lib/jvm/java-8-openjdk-amd64/jre/lib/amd64/libfontmanager.so
7f13a8ffd000-7f13a91fd000 ---p 00051000 08:05 1206855                    /usr/lib/jvm/java-8-openjdk-amd64/jre/lib/amd64/libfontmanager.so
7f13a91fd000-7f13a91ff000 r--p 00051000 08:05 1206855                    /usr/lib/jvm/java-8-openjdk-amd64/jre/lib/amd64/libfontmanager.so
7f13a91ff000-7f13a9200000 rw-p 00053000 08:05 1206855                    /usr/lib/jvm/java-8-openjdk-amd64/jre/lib/amd64/libfontmanager.so
7f13a9200000-7f13a9220000 r--p 00000000 08:05 922635                     /usr/share/locale-langpack/pt_BR/LC_MESSAGES/libc.mo
7f13a9220000-7f13a9233000 r-xp 00000000 08:05 1575414                    /lib/x86_64-linux-gnu/libbsd.so.0.8.6
7f13a9233000-7f13a9432000 ---p 00013000 08:05 1575414                    /lib/x86_64-linux-gnu/libbsd.so.0.8.6
7f13a9432000-7f13a9433000 r--p 00012000 08:05 1575414                    /lib/x86_64-linux-gnu/libbsd.so.0.8.6
7f13a9433000-7f13a9434000 rw-p 00013000 08:05 1575414                    /lib/x86_64-linux-gnu/libbsd.so.0.8.6
7f13a9434000-7f13a9435000 rw-p 00000000 00:00 0 
7f13a9435000-7f13a943a000 r-xp 00000000 08:05 534088                     /usr/lib/x86_64-linux-gnu/libXdmcp.so.6.0.0
7f13a943a000-7f13a9639000 ---p 00005000 08:05 534088                     /usr/lib/x86_64-linux-gnu/libXdmcp.so.6.0.0
7f13a9639000-7f13a963a000 r--p 00004000 08:05 534088                     /usr/lib/x86_64-linux-gnu/libXdmcp.so.6.0.0
7f13a963a000-7f13a963b000 rw-p 00005000 08:05 534088                     /usr/lib/x86_64-linux-gnu/libXdmcp.so.6.0.0
7f13a963b000-7f13a963d000 r-xp 00000000 08:05 534077                     /usr/lib/x86_64-linux-gnu/libXau.so.6.0.0
7f13a963d000-7f13a983d000 ---p 00002000 08:05 534077                     /usr/lib/x86_64-linux-gnu/libXau.so.6.0.0
7f13a983d000-7f13a983e000 r--p 00002000 08:05 534077                     /usr/lib/x86_64-linux-gnu/libXau.so.6.0.0
7f13a983e000-7f13a983f000 rw-p 00003000 08:05 534077                     /usr/lib/x86_64-linux-gnu/libXau.so.6.0.0
7f13a983f000-7f13a9865000 r-xp 00000000 08:05 535324                     /usr/lib/x86_64-linux-gnu/libxcb.so.1.1.0
7f13a9865000-7f13a9a64000 ---p 00026000 08:05 535324                     /usr/lib/x86_64-linux-gnu/libxcb.so.1.1.0
7f13a9a64000-7f13a9a65000 r--p 00025000 08:05 535324                     /usr/lib/x86_64-linux-gnu/libxcb.so.1.1.0
7f13a9a65000-7f13a9a66000 rw-p 00026000 08:05 535324                     /usr/lib/x86_64-linux-gnu/libxcb.so.1.1.0
7f13a9a66000-7f13a9a75000 r-xp 00000000 08:05 534100                     /usr/lib/x86_64-linux-gnu/libXi.so.6.1.0
7f13a9a75000-7f13a9c74000 ---p 0000f000 08:05 534100                     /usr/lib/x86_64-linux-gnu/libXi.so.6.1.0
7f13a9c74000-7f13a9c75000 r--p 0000e000 08:05 534100                     /usr/lib/x86_64-linux-gnu/libXi.so.6.1.0
7f13a9c75000-7f13a9c76000 rw-p 0000f000 08:05 534100                     /usr/lib/x86_64-linux-gnu/libXi.so.6.1.0
7f13a9c76000-7f13a9c7b000 r-xp 00000000 08:05 534118                     /usr/lib/x86_64-linux-gnu/libXtst.so.6.1.0
7f13a9c7b000-7f13a9e7a000 ---p 00005000 08:05 534118                     /usr/lib/x86_64-linux-gnu/libXtst.so.6.1.0
7f13a9e7a000-7f13a9e7b000 r--p 00004000 08:05 534118                     /usr/lib/x86_64-linux-gnu/libXtst.so.6.1.0
7f13a9e7b000-7f13a9e7c000 rw-p 00005000 08:05 534118                     /usr/lib/x86_64-linux-gnu/libXtst.so.6.1.0
7f13a9e7c000-7f13a9e85000 r-xp 00000000 08:05 534112                     /usr/lib/x86_64-linux-gnu/libXrender.so.1.3.0
7f13a9e85000-7f13aa084000 ---p 00009000 08:05 534112                     /usr/lib/x86_64-linux-gnu/libXrender.so.1.3.0
7f13aa084000-7f13aa085000 r--p 00008000 08:05 534112                     /usr/lib/x86_64-linux-gnu/libXrender.so.1.3.0
7f13aa085000-7f13aa086000 rw-p 00009000 08:05 534112                     /usr/lib/x86_64-linux-gnu/libXrender.so.1.3.0
7f13aa086000-7f13aa1ba000 r-xp 00000000 08:05 534073                     /usr/lib/x86_64-linux-gnu/libX11.so.6.3.0
7f13aa1ba000-7f13aa3ba000 ---p 00134000 08:05 534073                     /usr/lib/x86_64-linux-gnu/libX11.so.6.3.0
7f13aa3ba000-7f13aa3bb000 r--p 00134000 08:05 534073                     /usr/lib/x86_64-linux-gnu/libX11.so.6.3.0
7f13aa3bb000-7f13aa3bf000 rw-p 00135000 08:05 534073                     /usr/lib/x86_64-linux-gnu/libX11.so.6.3.0
7f13aa3bf000-7f13aa3d0000 r-xp 00000000 08:05 534090                     /usr/lib/x86_64-linux-gnu/libXext.so.6.4.0
7f13aa3d0000-7f13aa5cf000 ---p 00011000 08:05 534090                     /usr/lib/x86_64-linux-gnu/libXext.so.6.4.0
7f13aa5cf000-7f13aa5d0000 r--p 00010000 08:05 534090                     /usr/lib/x86_64-linux-gnu/libXext.so.6.4.0
7f13aa5d0000-7f13aa5d1000 rw-p 00011000 08:05 534090                     /usr/lib/x86_64-linux-gnu/libXext.so.6.4.0
7f13aa5d1000-7f13aa5d2000 r--s 00000000 08:05 1449320                    /var/cache/fontconfig/49f0de54bdd920fe4f0dfd4cbac43e6b-le64.cache-6
7f13aa5d2000-7f13aa5d5000 r--s 00000000 08:05 1449361                    /var/cache/fontconfig/e13b20fdb08344e0e664864cc2ede53d-le64.cache-6
7f13aa5d5000-7f13aa5e8000 r--s 00346000 08:05 1060172                    /usr/lib/jvm/java-8-openjdk-amd64/jre/lib/resources.jar
7f13aa5e8000-7f13aa63c000 r-xp 00000000 08:05 1199383                    /usr/lib/jvm/java-8-openjdk-amd64/jre/lib/amd64/libawt_xawt.so
7f13aa63c000-7f13aa83b000 ---p 00054000 08:05 1199383                    /usr/lib/jvm/java-8-openjdk-amd64/jre/lib/amd64/libawt_xawt.so
7f13aa83b000-7f13aa83c000 r--p 00053000 08:05 1199383                    /usr/lib/jvm/java-8-openjdk-amd64/jre/lib/amd64/libawt_xawt.so
7f13aa83c000-7f13aa83f000 rw-p 00054000 08:05 1199383                    /usr/lib/jvm/java-8-openjdk-amd64/jre/lib/amd64/libawt_xawt.so
7f13aa83f000-7f13aa840000 rw-p 00000000 00:00 0 
7f13aa840000-7f13aa8e0000 r-xp 00000000 08:05 1199381                    /usr/lib/jvm/java-8-openjdk-amd64/jre/lib/amd64/libawt.so
7f13aa8e0000-7f13aaadf000 ---p 000a0000 08:05 1199381                    /usr/lib/jvm/java-8-openjdk-amd64/jre/lib/amd64/libawt.so
7f13aaadf000-7f13aaae0000 r--p 0009f000 08:05 1199381                    /usr/lib/jvm/java-8-openjdk-amd64/jre/lib/amd64/libawt.so
7f13aaae0000-7f13aaaeb000 rw-p 000a0000 08:05 1199381                    /usr/lib/jvm/java-8-openjdk-amd64/jre/lib/amd64/libawt.so
7f13aaaeb000-7f13aab10000 rw-p 00000000 00:00 0 
7f13aab10000-7f13aab11000 ---p 00000000 00:00 0 
7f13aab11000-7f13aac11000 rw-p 00000000 00:00 0 
7f13aac11000-7f13aac14000 ---p 00000000 00:00 0 
7f13aac14000-7f13aad12000 rw-p 00000000 00:00 0 
7f13aad12000-7f13aad15000 ---p 00000000 00:00 0 
7f13aad15000-7f13aae13000 rw-p 00000000 00:00 0 
7f13aae13000-7f13aae16000 ---p 00000000 00:00 0 
7f13aae16000-7f13aaf14000 rw-p 00000000 00:00 0 
7f13aaf14000-7f13aaf17000 ---p 00000000 00:00 0 
7f13aaf17000-7f13ab015000 rw-p 00000000 00:00 0 
7f13ab015000-7f13ab018000 ---p 00000000 00:00 0 
7f13ab018000-7f13ab116000 rw-p 00000000 00:00 0 
7f13ab116000-7f13ab3f4000 r--p 00000000 08:05 526988                     /usr/lib/locale/locale-archive
7f13ab3f4000-7f13ab3f7000 ---p 00000000 00:00 0 
7f13ab3f7000-7f13ab4f5000 rw-p 00000000 00:00 0 
7f13ab4f5000-7f13ab4f8000 ---p 00000000 00:00 0 
7f13ab4f8000-7f13ab5f6000 rw-p 00000000 00:00 0 
7f13ab5f6000-7f13ab5f7000 ---p 00000000 00:00 0 
7f13ab5f7000-7f13ac000000 rw-p 00000000 00:00 0 
7f13ac000000-7f13ac021000 rw-p 00000000 00:00 0 
7f13ac021000-7f13b0000000 ---p 00000000 00:00 0 
7f13b0000000-7f13b0001000 r--s 00000000 08:05 1449366                    /var/cache/fontconfig/f6e6e0a5c3d2f6ae0c0c2e0ecd42a997-le64.cache-6
7f13b0001000-7f13b0005000 r--s 00000000 08:05 1441957                    /var/cache/fontconfig/7ef2298fde41cc6eeb7af42e48b7d293-le64.cache-6
7f13b0005000-7f13b0008000 r--p 00000000 08:05 922437                     /usr/share/locale-langpack/pt_BR/LC_MESSAGES/atk10.mo
7f13b0008000-7f13b000f000 r--s 00000000 08:05 668788                     /usr/lib/x86_64-linux-gnu/gconv/gconv-modules.cache
7f13b000f000-7f13b0014000 r--s 002f9000 08:05 1060161                    /usr/lib/jvm/java-8-openjdk-amd64/jre/lib/charsets.jar
7f13b0014000-7f13b0028000 r--s 00113000 08:06 1710896                    /home/gilberto/NetBeansProjects/poo-projeto-final/lib/JTattoo-1.6.11.jar
7f13b0028000-7f13b002b000 r--s 0000f000 08:05 1206892                    /usr/lib/jvm/java-8-openjdk-amd64/jre/lib/ext/icedtea-sound.jar
7f13b002b000-7f13b0631000 rw-p 00000000 00:00 0 
7f13b0631000-7f13b0800000 r--s 03c2f000 08:05 1060173                    /usr/lib/jvm/java-8-openjdk-amd64/jre/lib/rt.jar
7f13b0800000-7f13b1000000 rw-p 00000000 00:00 0 
7f13b1000000-7f13b1550000 rwxp 00000000 00:00 0 
7f13b1550000-7f13c0000000 ---p 00000000 00:00 0 
7f13c0000000-7f13c031e000 rw-p 00000000 00:00 0 
7f13c031e000-7f13c4000000 ---p 00000000 00:00 0 
7f13c4000000-7f13c4001000 r--s 00000000 08:05 1449321                    /var/cache/fontconfig/4b2eda6bb976bda485cb2176619421d5-le64.cache-6
7f13c4001000-7f13c4003000 r--s 00001000 08:05 1206891                    /usr/lib/jvm/java-8-openjdk-amd64/jre/lib/ext/dnsns.jar
7f13c4003000-7f13c4004000 r--s 0000a000 08:05 1206893                    /usr/lib/jvm/java-8-openjdk-amd64/jre/lib/ext/jaccess.jar
7f13c4004000-7f13c401f000 r--s 00394000 08:05 1206890                    /usr/lib/jvm/java-8-openjdk-amd64/jre/lib/ext/cldrdata.jar
7f13c401f000-7f13c403a000 r--s 001d6000 08:05 1206895                    /usr/lib/jvm/java-8-openjdk-amd64/jre/lib/ext/nashorn.jar
7f13c403a000-7f13c622f000 rw-p 00000000 00:00 0 
7f13c622f000-7f13c6230000 ---p 00000000 00:00 0 
7f13c6230000-7f13c6330000 rw-p 00000000 00:00 0 
7f13c6330000-7f13c6331000 ---p 00000000 00:00 0 
7f13c6331000-7f13c6431000 rw-p 00000000 00:00 0 
7f13c6431000-7f13c6432000 ---p 00000000 00:00 0 
7f13c6432000-7f13c6532000 rw-p 00000000 00:00 0 
7f13c6532000-7f13c6533000 ---p 00000000 00:00 0 
7f13c6533000-7f13c6648000 rw-p 00000000 00:00 0 
7f13c6648000-7f13c677d000 ---p 00000000 00:00 0 
7f13c677d000-7f13c6792000 rw-p 00000000 00:00 0 
7f13c6792000-7f13c68c6000 ---p 00000000 00:00 0 
7f13c68c6000-7f13c68d1000 rw-p 00000000 00:00 0 
7f13c68d1000-7f13c696b000 ---p 00000000 00:00 0 
7f13c696b000-7f13c6982000 rw-p 00000000 00:00 0 
7f13c6982000-7f13c6d2c000 ---p 00000000 00:00 0 
7f13c6d2c000-7f13c6d34000 r-xp 00000000 08:05 1206882                    /usr/lib/jvm/java-8-openjdk-amd64/jre/lib/amd64/libzip.so
7f13c6d34000-7f13c6f33000 ---p 00008000 08:05 1206882                    /usr/lib/jvm/java-8-openjdk-amd64/jre/lib/amd64/libzip.so
7f13c6f33000-7f13c6f34000 r--p 00007000 08:05 1206882                    /usr/lib/jvm/java-8-openjdk-amd64/jre/lib/amd64/libzip.so
7f13c6f34000-7f13c6f35000 rw-p 00008000 08:05 1206882                    /usr/lib/jvm/java-8-openjdk-amd64/jre/lib/amd64/libzip.so
7f13c6f35000-7f13c6f40000 r-xp 00000000 08:05 1575479                    /lib/x86_64-linux-gnu/libnss_files-2.26.so
7f13c6f40000-7f13c713f000 ---p 0000b000 08:05 1575479                    /lib/x86_64-linux-gnu/libnss_files-2.26.so
7f13c713f000-7f13c7140000 r--p 0000a000 08:05 1575479                    /lib/x86_64-linux-gnu/libnss_files-2.26.so
7f13c7140000-7f13c7141000 rw-p 0000b000 08:05 1575479                    /lib/x86_64-linux-gnu/libnss_files-2.26.so
7f13c7141000-7f13c7147000 rw-p 00000000 00:00 0 
7f13c7147000-7f13c7152000 r-xp 00000000 08:05 1575560                    /lib/x86_64-linux-gnu/libnss_nis-2.26.so
7f13c7152000-7f13c7351000 ---p 0000b000 08:05 1575560                    /lib/x86_64-linux-gnu/libnss_nis-2.26.so
7f13c7351000-7f13c7352000 r--p 0000a000 08:05 1575560                    /lib/x86_64-linux-gnu/libnss_nis-2.26.so
7f13c7352000-7f13c7353000 rw-p 0000b000 08:05 1575560                    /lib/x86_64-linux-gnu/libnss_nis-2.26.so
7f13c7353000-7f13c736a000 r-xp 00000000 08:05 1575438                    /lib/x86_64-linux-gnu/libnsl-2.26.so
7f13c736a000-7f13c7569000 ---p 00017000 08:05 1575438                    /lib/x86_64-linux-gnu/libnsl-2.26.so
7f13c7569000-7f13c756a000 r--p 00016000 08:05 1575438                    /lib/x86_64-linux-gnu/libnsl-2.26.so
7f13c756a000-7f13c756b000 rw-p 00017000 08:05 1575438                    /lib/x86_64-linux-gnu/libnsl-2.26.so
7f13c756b000-7f13c756d000 rw-p 00000000 00:00 0 
7f13c756d000-7f13c7575000 r-xp 00000000 08:05 1575463                    /lib/x86_64-linux-gnu/libnss_compat-2.26.so
7f13c7575000-7f13c7774000 ---p 00008000 08:05 1575463                    /lib/x86_64-linux-gnu/libnss_compat-2.26.so
7f13c7774000-7f13c7775000 r--p 00007000 08:05 1575463                    /lib/x86_64-linux-gnu/libnss_compat-2.26.so
7f13c7775000-7f13c7776000 rw-p 00008000 08:05 1575463                    /lib/x86_64-linux-gnu/libnss_compat-2.26.so
7f13c7776000-7f13c77a4000 r-xp 00000000 08:05 1206863                    /usr/lib/jvm/java-8-openjdk-amd64/jre/lib/amd64/libjava.so
7f13c77a4000-7f13c79a3000 ---p 0002e000 08:05 1206863                    /usr/lib/jvm/java-8-openjdk-amd64/jre/lib/amd64/libjava.so
7f13c79a3000-7f13c79a4000 r--p 0002d000 08:05 1206863                    /usr/lib/jvm/java-8-openjdk-amd64/jre/lib/amd64/libjava.so
7f13c79a4000-7f13c79a6000 rw-p 0002e000 08:05 1206863                    /usr/lib/jvm/java-8-openjdk-amd64/jre/lib/amd64/libjava.so
7f13c79a6000-7f13c79b6000 r-xp 00000000 08:05 1206881                    /usr/lib/jvm/java-8-openjdk-amd64/jre/lib/amd64/libverify.so
7f13c79b6000-7f13c7bb5000 ---p 00010000 08:05 1206881                    /usr/lib/jvm/java-8-openjdk-amd64/jre/lib/amd64/libverify.so
7f13c7bb5000-7f13c7bb7000 r--p 0000f000 08:05 1206881                    /usr/lib/jvm/java-8-openjdk-amd64/jre/lib/amd64/libverify.so
7f13c7bb7000-7f13c7bb8000 rw-p 00011000 08:05 1206881                    /usr/lib/jvm/java-8-openjdk-amd64/jre/lib/amd64/libverify.so
7f13c7bb8000-7f13c7bbf000 r-xp 00000000 08:05 1579962                    /lib/x86_64-linux-gnu/librt-2.26.so
7f13c7bbf000-7f13c7dbe000 ---p 00007000 08:05 1579962                    /lib/x86_64-linux-gnu/librt-2.26.so
7f13c7dbe000-7f13c7dbf000 r--p 00006000 08:05 1579962                    /lib/x86_64-linux-gnu/librt-2.26.so
7f13c7dbf000-7f13c7dc0000 rw-p 00007000 08:05 1579962                    /lib/x86_64-linux-gnu/librt-2.26.so
7f13c7dc0000-7f13c7dd6000 r-xp 00000000 08:05 1569817                    /lib/x86_64-linux-gnu/libgcc_s.so.1
7f13c7dd6000-7f13c7fd5000 ---p 00016000 08:05 1569817                    /lib/x86_64-linux-gnu/libgcc_s.so.1
7f13c7fd5000-7f13c7fd6000 r--p 00015000 08:05 1569817                    /lib/x86_64-linux-gnu/libgcc_s.so.1
7f13c7fd6000-7f13c7fd7000 rw-p 00016000 08:05 1569817                    /lib/x86_64-linux-gnu/libgcc_s.so.1
7f13c7fd7000-7f13c812c000 r-xp 00000000 08:05 1575324                    /lib/x86_64-linux-gnu/libm-2.26.so
7f13c812c000-7f13c832b000 ---p 00155000 08:05 1575324                    /lib/x86_64-linux-gnu/libm-2.26.so
7f13c832b000-7f13c832c000 r--p 00154000 08:05 1575324                    /lib/x86_64-linux-gnu/libm-2.26.so
7f13c832c000-7f13c832d000 rw-p 00155000 08:05 1575324                    /lib/x86_64-linux-gnu/libm-2.26.so
7f13c832d000-7f13c84a5000 r-xp 00000000 08:05 523451                     /usr/lib/x86_64-linux-gnu/libstdc++.so.6.0.24
7f13c84a5000-7f13c86a4000 ---p 00178000 08:05 523451                     /usr/lib/x86_64-linux-gnu/libstdc++.so.6.0.24
7f13c86a4000-7f13c86ae000 r--p 00177000 08:05 523451                     /usr/lib/x86_64-linux-gnu/libstdc++.so.6.0.24
7f13c86ae000-7f13c86b0000 rw-p 00181000 08:05 523451                     /usr/lib/x86_64-linux-gnu/libstdc++.so.6.0.24
7f13c86b0000-7f13c86b3000 rw-p 00000000 00:00 0 
7f13c86b3000-7f13c9344000 r-xp 00000000 08:05 1206884                    /usr/lib/jvm/java-8-openjdk-amd64/jre/lib/amd64/server/libjvm.so
7f13c9344000-7f13c9544000 ---p 00c91000 08:05 1206884                    /usr/lib/jvm/java-8-openjdk-amd64/jre/lib/amd64/server/libjvm.so
7f13c9544000-7f13c95d7000 r--p 00c91000 08:05 1206884                    /usr/lib/jvm/java-8-openjdk-amd64/jre/lib/amd64/server/libjvm.so
7f13c95d7000-7f13c95ff000 rw-p 00d24000 08:05 1206884                    /usr/lib/jvm/java-8-openjdk-amd64/jre/lib/amd64/server/libjvm.so
7f13c95ff000-7f13c9630000 rw-p 00000000 00:00 0 
7f13c9630000-7f13c964a000 r-xp 00000000 08:05 1579948                    /lib/x86_64-linux-gnu/libpthread-2.26.so
7f13c964a000-7f13c9849000 ---p 0001a000 08:05 1579948                    /lib/x86_64-linux-gnu/libpthread-2.26.so
7f13c9849000-7f13c984a000 r--p 00019000 08:05 1579948                    /lib/x86_64-linux-gnu/libpthread-2.26.so
7f13c984a000-7f13c984b000 rw-p 0001a000 08:05 1579948                    /lib/x86_64-linux-gnu/libpthread-2.26.so
7f13c984b000-7f13c984f000 rw-p 00000000 00:00 0 
7f13c984f000-7f13c9852000 r-xp 00000000 08:05 1575253                    /lib/x86_64-linux-gnu/libdl-2.26.so
7f13c9852000-7f13c9a51000 ---p 00003000 08:05 1575253                    /lib/x86_64-linux-gnu/libdl-2.26.so
7f13c9a51000-7f13c9a52000 r--p 00002000 08:05 1575253                    /lib/x86_64-linux-gnu/libdl-2.26.so
7f13c9a52000-7f13c9a53000 rw-p 00003000 08:05 1575253                    /lib/x86_64-linux-gnu/libdl-2.26.so
7f13c9a53000-7f13c9a6f000 r-xp 00000000 08:05 1575597                    /lib/x86_64-linux-gnu/libz.so.1.2.11
7f13c9a6f000-7f13c9c6e000 ---p 0001c000 08:05 1575597                    /lib/x86_64-linux-gnu/libz.so.1.2.11
7f13c9c6e000-7f13c9c6f000 r--p 0001b000 08:05 1575597                    /lib/x86_64-linux-gnu/libz.so.1.2.11
7f13c9c6f000-7f13c9c70000 rw-p 0001c000 08:05 1575597                    /lib/x86_64-linux-gnu/libz.so.1.2.11
7f13c9c70000-7f13c9e46000 r-xp 00000000 08:05 1575021                    /lib/x86_64-linux-gnu/libc-2.26.so
7f13c9e46000-7f13ca046000 ---p 001d6000 08:05 1575021                    /lib/x86_64-linux-gnu/libc-2.26.so
7f13ca046000-7f13ca04a000 r--p 001d6000 08:05 1575021                    /lib/x86_64-linux-gnu/libc-2.26.so
7f13ca04a000-7f13ca04c000 rw-p 001da000 08:05 1575021                    /lib/x86_64-linux-gnu/libc-2.26.so
7f13ca04c000-7f13ca050000 rw-p 00000000 00:00 0 
7f13ca050000-7f13ca05e000 r-xp 00000000 08:05 1199378                    /usr/lib/jvm/java-8-openjdk-amd64/jre/lib/amd64/jli/libjli.so
7f13ca05e000-7f13ca25d000 ---p 0000e000 08:05 1199378                    /usr/lib/jvm/java-8-openjdk-amd64/jre/lib/amd64/jli/libjli.so
7f13ca25d000-7f13ca25e000 r--p 0000d000 08:05 1199378                    /usr/lib/jvm/java-8-openjdk-amd64/jre/lib/amd64/jli/libjli.so
7f13ca25e000-7f13ca25f000 rw-p 0000e000 08:05 1199378                    /usr/lib/jvm/java-8-openjdk-amd64/jre/lib/amd64/jli/libjli.so
7f13ca25f000-7f13ca286000 r-xp 00000000 08:05 1569888                    /lib/x86_64-linux-gnu/ld-2.26.so
7f13ca286000-7f13ca287000 r--s 00010000 08:05 1206899                    /usr/lib/jvm/java-8-openjdk-amd64/jre/lib/ext/zipfs.jar
7f13ca287000-7f13ca291000 r--s 00116000 08:05 1206894                    /usr/lib/jvm/java-8-openjdk-amd64/jre/lib/ext/localedata.jar
7f13ca291000-7f13ca36a000 rw-p 00000000 00:00 0 
7f13ca36a000-7f13ca36d000 ---p 00000000 00:00 0 
7f13ca36d000-7f13ca46d000 rw-p 00000000 00:00 0 
7f13ca46d000-7f13ca46f000 r--s 00007000 08:05 806525                     /usr/share/java/java-atk-wrapper.jar
7f13ca46f000-7f13ca475000 r--s 0003b000 08:05 1206897                    /usr/lib/jvm/java-8-openjdk-amd64/jre/lib/ext/sunjce_provider.jar
7f13ca475000-7f13ca477000 r--s 00008000 08:05 1206896                    /usr/lib/jvm/java-8-openjdk-amd64/jre/lib/ext/sunec.jar
7f13ca477000-7f13ca47a000 r--s 00038000 08:05 1206898                    /usr/lib/jvm/java-8-openjdk-amd64/jre/lib/ext/sunpkcs11.jar
7f13ca47a000-7f13ca482000 rw-s 00000000 08:05 937588                     /tmp/hsperfdata_gilberto/3072
7f13ca482000-7f13ca483000 rw-p 00000000 00:00 0 
7f13ca483000-7f13ca484000 r--p 00000000 00:00 0 
7f13ca484000-7f13ca486000 rw-p 00000000 00:00 0 
7f13ca486000-7f13ca487000 r--p 00027000 08:05 1569888                    /lib/x86_64-linux-gnu/ld-2.26.so
7f13ca487000-7f13ca488000 rw-p 00028000 08:05 1569888                    /lib/x86_64-linux-gnu/ld-2.26.so
7f13ca488000-7f13ca489000 rw-p 00000000 00:00 0 
7ffe17d42000-7ffe17d63000 rw-p 00000000 00:00 0                          [stack]
7ffe17db5000-7ffe17db8000 r--p 00000000 00:00 0                          [vvar]
7ffe17db8000-7ffe17dba000 r-xp 00000000 00:00 0                          [vdso]
ffffffffff600000-ffffffffff601000 r-xp 00000000 00:00 0                  [vsyscall]

VM Arguments:
jvm_args: -Dfile.encoding=UTF-8 
java_command: br.edu.ifg.poo.Main
java_class_path (initial): /home/gilberto/NetBeansProjects/poo-projeto-final/lib/JTattoo-1.6.11.jar:/home/gilberto/NetBeansProjects/poo-projeto-final/build/classes
Launcher Type: SUN_STANDARD

Environment Variables:
PATH=/usr/local/sbin:/usr/local/bin:/usr/sbin:/usr/bin:/sbin:/bin:/usr/games:/usr/local/games:/snap/bin
USERNAME=gilberto
LD_LIBRARY_PATH=/usr/lib/jvm/java-8-openjdk-amd64/bin/../jre/lib/amd64:/usr/lib/jvm/java-8-openjdk-amd64/bin/../jre/lib/i386:
SHELL=/bin/bash
DISPLAY=:0

Signal Handlers:
SIGSEGV: [libjvm.so+0xaabe00], sa_mask[0]=11111111011111111101111111111110, sa_flags=SA_RESTART|SA_SIGINFO
SIGBUS: [libjvm.so+0xaabe00], sa_mask[0]=11111111011111111101111111111110, sa_flags=SA_RESTART|SA_SIGINFO
SIGFPE: [libjvm.so+0x8e1dd0], sa_mask[0]=11111111011111111101111111111110, sa_flags=SA_RESTART|SA_SIGINFO
SIGPIPE: [libjvm.so+0x8e1dd0], sa_mask[0]=11111111011111111101111111111110, sa_flags=SA_RESTART|SA_SIGINFO
SIGXFSZ: [libjvm.so+0x8e1dd0], sa_mask[0]=11111111011111111101111111111110, sa_flags=SA_RESTART|SA_SIGINFO
SIGILL: [libjvm.so+0x8e1dd0], sa_mask[0]=11111111011111111101111111111110, sa_flags=SA_RESTART|SA_SIGINFO
SIGUSR1: SIG_DFL, sa_mask[0]=00000000000000000000000000000000, sa_flags=none
SIGUSR2: [libjvm.so+0x8e1c80], sa_mask[0]=00100000000000000000000000000000, sa_flags=SA_RESTART|SA_SIGINFO
SIGHUP: [libjvm.so+0x8e2130], sa_mask[0]=11111111011111111101111111111110, sa_flags=SA_RESTART|SA_SIGINFO
SIGINT: SIG_IGN, sa_mask[0]=00000000000000000000000000000000, sa_flags=none
SIGTERM: [libjvm.so+0x8e2130], sa_mask[0]=11111111011111111101111111111110, sa_flags=SA_RESTART|SA_SIGINFO
SIGQUIT: [libjvm.so+0x8e2130], sa_mask[0]=11111111011111111101111111111110, sa_flags=SA_RESTART|SA_SIGINFO


---------------  S Y S T E M  ---------------

OS:DISTRIB_ID=Ubuntu
DISTRIB_RELEASE=17.10
DISTRIB_CODENAME=artful
DISTRIB_DESCRIPTION="Ubuntu 17.10"

uname:Linux 4.13.0-46-generic #51-Ubuntu SMP Tue Jun 12 12:36:29 UTC 2018 x86_64
libc:glibc 2.26 NPTL 2.26 
rlimit: STACK 8192k, CORE 0k, NPROC 15566, NOFILE 1048576, AS infinity
load average:0,50 0,42 0,41

/proc/meminfo:
MemTotal:        4039448 kB
MemFree:          168580 kB
MemAvailable:    1072652 kB
Buffers:           68788 kB
Cached:           832684 kB
SwapCached:            0 kB
Active:          2858592 kB
Inactive:         824236 kB
Active(anon):    2376696 kB
Inactive(anon):   221164 kB
Active(file):     481896 kB
Inactive(file):   603072 kB
Unevictable:          48 kB
Mlocked:              48 kB
SwapTotal:       1669116 kB
SwapFree:        1669116 kB
Dirty:               524 kB
Writeback:             0 kB
AnonPages:       2781456 kB
Mapped:           568752 kB
Shmem:            162728 kB
Slab:              79192 kB
SReclaimable:      44416 kB
SUnreclaim:        34776 kB
KernelStack:       10896 kB
PageTables:        45844 kB
NFS_Unstable:          0 kB
Bounce:                0 kB
WritebackTmp:          0 kB
CommitLimit:     3688840 kB
Committed_AS:    7922156 kB
VmallocTotal:   34359738367 kB
VmallocUsed:           0 kB
VmallocChunk:          0 kB
HardwareCorrupted:     0 kB
AnonHugePages:         0 kB
ShmemHugePages:        0 kB
ShmemPmdMapped:        0 kB
CmaTotal:              0 kB
CmaFree:               0 kB
HugePages_Total:       0
HugePages_Free:        0
HugePages_Rsvd:        0
HugePages_Surp:        0
Hugepagesize:       2048 kB
DirectMap4k:      149440 kB
DirectMap2M:     4044800 kB


CPU:total 4 (initial active 4) (4 cores per cpu, 1 threads per core) family 6 model 94 stepping 3, cmov, cx8, fxsr, mmx, sse, sse2, sse3, ssse3, sse4.1, sse4.2, popcnt, avx, avx2, aes, clmul, 3dnowpref, lzcnt, tsc, tscinvbit

/proc/cpuinfo:
processor	: 0
vendor_id	: GenuineIntel
cpu family	: 6
model		: 94
model name	: Intel(R) Core(TM) i7-6700T CPU @ 2.80GHz
stepping	: 3
cpu MHz		: 2826.020
cache size	: 8192 KB
physical id	: 0
siblings	: 4
core id		: 0
cpu cores	: 4
apicid		: 0
initial apicid	: 0
fpu		: yes
fpu_exception	: yes
cpuid level	: 22
wp		: yes
flags		: fpu vme de pse tsc msr pae mce cx8 apic sep mtrr pge mca cmov pat pse36 clflush mmx fxsr sse sse2 ht syscall nx rdtscp lm constant_tsc rep_good nopl xtopology nonstop_tsc cpuid pni pclmulqdq ssse3 cx16 pcid sse4_1 sse4_2 x2apic movbe popcnt aes xsave avx rdrand hypervisor lahf_lm abm 3dnowprefetch invpcid_single pti retpoline rsb_ctxsw fsgsbase avx2 invpcid rdseed clflushopt
bugs		: cpu_meltdown spectre_v1 spectre_v2 spec_store_bypass
bogomips	: 5652.04
clflush size	: 64
cache_alignment	: 64
address sizes	: 39 bits physical, 48 bits virtual
power management:

processor	: 1
vendor_id	: GenuineIntel
cpu family	: 6
model		: 94
model name	: Intel(R) Core(TM) i7-6700T CPU @ 2.80GHz
stepping	: 3
cpu MHz		: 2826.020
cache size	: 8192 KB
physical id	: 0
siblings	: 4
core id		: 1
cpu cores	: 4
apicid		: 1
initial apicid	: 1
fpu		: yes
fpu_exception	: yes
cpuid level	: 22
wp		: yes
flags		: fpu vme de pse tsc msr pae mce cx8 apic sep mtrr pge mca cmov pat pse36 clflush mmx fxsr sse sse2 ht syscall nx rdtscp lm constant_tsc rep_good nopl xtopology nonstop_tsc cpuid pni pclmulqdq ssse3 cx16 pcid sse4_1 sse4_2 x2apic movbe popcnt aes xsave avx rdrand hypervisor lahf_lm abm 3dnowprefetch invpcid_single pti retpoline rsb_ctxsw fsgsbase avx2 invpcid rdseed clflushopt
bugs		: cpu_meltdown spectre_v1 spectre_v2 spec_store_bypass
bogomips	: 5652.04
clflush size	: 64
cache_alignment	: 64
address sizes	: 39 bits physical, 48 bits virtual
power management:

processor	: 2
vendor_id	: GenuineIntel
cpu family	: 6
model		: 94
model name	: Intel(R) Core(TM) i7-6700T CPU @ 2.80GHz
stepping	: 3
cpu MHz		: 2826.020
cache size	: 8192 KB
physical id	: 0
siblings	: 4
core id		: 2
cpu cores	: 4
apicid		: 2
initial apicid	: 2
fpu		: yes
fpu_exception	: yes
cpuid level	: 22
wp		: yes
flags		: fpu vme de pse tsc msr pae mce cx8 apic sep mtrr pge mca cmov pat pse36 clflush mmx fxsr sse sse2 ht syscall nx rdtscp lm constant_tsc rep_good nopl xtopology nonstop_tsc cpuid pni pclmulqdq ssse3 cx16 pcid sse4_1 sse4_2 x2apic movbe popcnt aes xsave avx rdrand hypervisor lahf_lm abm 3dnowprefetch invpcid_single pti retpoline rsb_ctxsw fsgsbase avx2 invpcid rdseed clflushopt
bugs		: cpu_meltdown spectre_v1 spectre_v2 spec_store_bypass
bogomips	: 5652.04
clflush size	: 64
cache_alignment	: 64
address sizes	: 39 bits physical, 48 bits virtual
power management:

processor	: 3
vendor_id	: GenuineIntel
cpu family	: 6
model		: 94
model name	: Intel(R) Core(TM) i7-6700T CPU @ 2.80GHz
stepping	: 3
cpu MHz		: 2826.020
cache size	: 8192 KB
physical id	: 0
siblings	: 4
core id		: 3
cpu cores	: 4
apicid		: 3
initial apicid	: 3
fpu		: yes
fpu_exception	: yes
cpuid level	: 22
wp		: yes
flags		: fpu vme de pse tsc msr pae mce cx8 apic sep mtrr pge mca cmov pat pse36 clflush mmx fxsr sse sse2 ht syscall nx rdtscp lm constant_tsc rep_good nopl xtopology nonstop_tsc cpuid pni pclmulqdq ssse3 cx16 pcid sse4_1 sse4_2 x2apic movbe popcnt aes xsave avx rdrand hypervisor lahf_lm abm 3dnowprefetch invpcid_single pti retpoline rsb_ctxsw fsgsbase avx2 invpcid rdseed clflushopt
bugs		: cpu_meltdown spectre_v1 spectre_v2 spec_store_bypass
bogomips	: 5652.04
clflush size	: 64
cache_alignment	: 64
address sizes	: 39 bits physical, 48 bits virtual
power management:



Memory: 4k page, physical 4039448k(168580k free), swap 1669116k(1669116k free)

vm_info: OpenJDK 64-Bit Server VM (25.171-b11) for linux-amd64 JRE (1.8.0_171-8u171-b11-0ubuntu0.17.10.1-b11), built on Apr 26 2018 15:59:34 by "buildd" with gcc 7.2.0

time: Wed Jul 11 16:32:16 2018
elapsed time: 28 seconds (0d 0h 0m 28s)

